#
# There is insufficient memory for the Java Runtime Environment to continue.
# Native memory allocation (malloc) failed to allocate 1857128 bytes. Error detail: Chunk::new
# Possible reasons:
#   The system is out of physical RAM or swap space
#   This process is running with CompressedOops enabled, and the Java Heap may be blocking the growth of the native heap
# Possible solutions:
#   Reduce memory load on the system
#   Increase physical memory or swap space
#   Check if swap backing store is full
#   Decrease Java heap size (-Xmx/-Xms)
#   Decrease number of Java threads
#   Decrease Java thread stack sizes (-Xss)
#   Set larger code cache with -XX:ReservedCodeCacheSize=
#   JVM is running with Zero Based Compressed Oops mode in which the Java heap is
#     placed in the first 32GB address space. The Java Heap base address is the
#     maximum limit for the native heap growth. Please use -XX:HeapBaseMinAddress
#     to set the Java Heap base and to place the Java Heap above 32GB virtual address.
# This output file may be truncated or incomplete.
#
#  Out of Memory Error (arena.cpp:162), pid=13504, tid=11972
#
# JRE version: Java(TM) SE Runtime Environment (24.0.1+9) (build 24.0.1+9-30)
# Java VM: Java HotSpot(TM) 64-Bit Server VM (24.0.1+9-30, mixed mode, sharing, tiered, compressed oops, compressed class ptrs, g1 gc, windows-amd64)
# No core dump will be written. Minidumps are not enabled by default on client versions of Windows
#

---------------  S U M M A R Y ------------

Command Line: -javaagent:C:\Program Files\JetBrains\IntelliJ IDEA Community Edition 2025.1.1.1\lib\idea_rt.jar=59461 -Dfile.encoding=UTF-8 -Dsun.stdout.encoding=UTF-8 -Dsun.stderr.encoding=UTF-8 com.mostafa.api.ecommerce.ApiEcommerceApplication

Host: Intel(R) Core(TM) i5-9300H CPU @ 2.40GHz, 8 cores, 15G,  Windows 10 , 64 bit Build 19041 (10.0.19041.5915)
Time: Tue Aug  5 15:40:34 2025 Egypt Daylight Time elapsed time: 5.340664 seconds (0d 0h 0m 5s)

---------------  T H R E A D  ---------------

Current thread (0x000002535adb05f0):  JavaThread "C2 CompilerThread1" daemon [_thread_in_native, id=11972, stack(0x000000f9e4700000,0x000000f9e4800000) (1024K)]


Current CompileTask:
C2:5340 5050   !   4       jdk.internal.loader.BuiltinClassLoader::loadClassOrNull (143 bytes)

Stack: [0x000000f9e4700000,0x000000f9e4800000]
Native frames: (J=compiled Java code, j=interpreted, Vv=VM code, C=native code)
V  [jvm.dll+0x730739]  (no source info available)
V  [jvm.dll+0x8d9b23]  (no source info available)
V  [jvm.dll+0x8dc00d]  (no source info available)
V  [jvm.dll+0x8dc683]  (no source info available)
V  [jvm.dll+0x2aa086]  (no source info available)
V  [jvm.dll+0xcedef]  (no source info available)
V  [jvm.dll+0xcf04f]  (no source info available)
V  [jvm.dll+0x3f373c]  (no source info available)
V  [jvm.dll+0x3c0100]  (no source info available)
V  [jvm.dll+0x3bf58a]  (no source info available)
V  [jvm.dll+0x26f777]  (no source info available)
V  [jvm.dll+0x26ea3f]  (no source info available)
V  [jvm.dll+0x1e9d60]  (no source info available)
V  [jvm.dll+0x27e1fb]  (no source info available)
V  [jvm.dll+0x27c49a]  (no source info available)
V  [jvm.dll+0x42f456]  (no source info available)
V  [jvm.dll+0x87d76b]  (no source info available)
V  [jvm.dll+0x72ee55]  (no source info available)
C  [ucrtbase.dll+0x21bb2]  (no source info available)
C  [KERNEL32.DLL+0x17374]  (no source info available)
C  [ntdll.dll+0x4cc91]  (no source info available)

Lock stack of current Java thread (top to bottom):


---------------  P R O C E S S  ---------------

Threads class SMR info:
_java_thread_list=0x00000253a1a3f610, length=14, elements={
0x000002533922b6c0, 0x000002535a3f1b70, 0x000002535a3f44d0, 0x000002535a3f82a0,
0x000002535a3fade0, 0x000002535a3fb910, 0x000002535a3fc440, 0x000002535a4020b0,
0x000002535aba8070, 0x000002535ad711f0, 0x000002535adb05f0, 0x000002535ae9b810,
0x000002535aef3e20, 0x00000253a0c01e30
}

Java Threads: ( => current thread )
  0x000002533922b6c0 JavaThread "main"                              [_thread_in_vm, id=15756, stack(0x000000f9e3600000,0x000000f9e3700000) (1024K)]
  0x000002535a3f1b70 JavaThread "Reference Handler"          daemon [_thread_blocked, id=12696, stack(0x000000f9e3e00000,0x000000f9e3f00000) (1024K)]
  0x000002535a3f44d0 JavaThread "Finalizer"                  daemon [_thread_blocked, id=11364, stack(0x000000f9e3f00000,0x000000f9e4000000) (1024K)]
  0x000002535a3f82a0 JavaThread "Signal Dispatcher"          daemon [_thread_blocked, id=14112, stack(0x000000f9e4000000,0x000000f9e4100000) (1024K)]
  0x000002535a3fade0 JavaThread "Attach Listener"            daemon [_thread_blocked, id=1580, stack(0x000000f9e4100000,0x000000f9e4200000) (1024K)]
  0x000002535a3fb910 JavaThread "Service Thread"             daemon [_thread_blocked, id=9288, stack(0x000000f9e4200000,0x000000f9e4300000) (1024K)]
  0x000002535a3fc440 JavaThread "Monitor Deflation Thread"   daemon [_thread_blocked, id=14264, stack(0x000000f9e4300000,0x000000f9e4400000) (1024K)]
  0x000002535a4020b0 JavaThread "C2 CompilerThread0"         daemon [_thread_in_native, id=16660, stack(0x000000f9e4400000,0x000000f9e4500000) (1024K)]
  0x000002535aba8070 JavaThread "C1 CompilerThread0"         daemon [_thread_blocked, id=15840, stack(0x000000f9e4500000,0x000000f9e4600000) (1024K)]
  0x000002535ad711f0 JavaThread "Common-Cleaner"             daemon [_thread_blocked, id=12896, stack(0x000000f9e4600000,0x000000f9e4700000) (1024K)]
=>0x000002535adb05f0 JavaThread "C2 CompilerThread1"         daemon [_thread_in_native, id=11972, stack(0x000000f9e4700000,0x000000f9e4800000) (1024K)]
  0x000002535ae9b810 JavaThread "Monitor Ctrl-Break"         daemon [_thread_in_native, id=6664, stack(0x000000f9e4800000,0x000000f9e4900000) (1024K)]
  0x000002535aef3e20 JavaThread "Notification Thread"        daemon [_thread_blocked, id=4492, stack(0x000000f9e4900000,0x000000f9e4a00000) (1024K)]
  0x00000253a0c01e30 JavaThread "C2 CompilerThread2"         daemon [_thread_in_native, id=16588, stack(0x000000f9e5000000,0x000000f9e5100000) (1024K)]
Total: 14

Other Threads:
  0x000002535a3e1e20 VMThread "VM Thread"                           [id=9488, stack(0x000000f9e3d00000,0x000000f9e3e00000) (1024K)]
  0x000002535a3d5910 WatcherThread "VM Periodic Task Thread"        [id=11916, stack(0x000000f9e3c00000,0x000000f9e3d00000) (1024K)]
  0x000002533b4b6790 WorkerThread "GC Thread#0"                     [id=5608, stack(0x000000f9e3700000,0x000000f9e3800000) (1024K)]
  0x00000253a0c3cb90 WorkerThread "GC Thread#1"                     [id=15188, stack(0x000000f9e4b00000,0x000000f9e4c00000) (1024K)]
  0x00000253a0d75930 WorkerThread "GC Thread#2"                     [id=14084, stack(0x000000f9e4c00000,0x000000f9e4d00000) (1024K)]
  0x00000253a0a565b0 WorkerThread "GC Thread#3"                     [id=8564, stack(0x000000f9e4d00000,0x000000f9e4e00000) (1024K)]
  0x00000253a0b88950 WorkerThread "GC Thread#4"                     [id=1648, stack(0x000000f9e4e00000,0x000000f9e4f00000) (1024K)]
  0x00000253a0b89510 WorkerThread "GC Thread#5"                     [id=10320, stack(0x000000f9e4f00000,0x000000f9e5000000) (1024K)]
  0x00000253a1441260 WorkerThread "GC Thread#6"                     [id=18220, stack(0x000000f9e5100000,0x000000f9e5200000) (1024K)]
  0x00000253a14403a0 WorkerThread "GC Thread#7"                     [id=17324, stack(0x000000f9e5200000,0x000000f9e5300000) (1024K)]
  0x000002533b505010 ConcurrentGCThread "G1 Main Marker"            [id=8328, stack(0x000000f9e3800000,0x000000f9e3900000) (1024K)]
  0x000002533b506ad0 WorkerThread "G1 Conc#0"                       [id=4084, stack(0x000000f9e3900000,0x000000f9e3a00000) (1024K)]
  0x00000253a143f890 WorkerThread "G1 Conc#1"                       [id=76, stack(0x000000f9e5300000,0x000000f9e5400000) (1024K)]
  0x000002535a297b80 ConcurrentGCThread "G1 Refine#0"               [id=8132, stack(0x000000f9e3a00000,0x000000f9e3b00000) (1024K)]
  0x000002535a298610 ConcurrentGCThread "G1 Service"                [id=18132, stack(0x000000f9e3b00000,0x000000f9e3c00000) (1024K)]
Total: 15

Threads with active compile tasks:
C2 CompilerThread0  5396 5027       4       java.lang.ClassLoader::loadClass (7 bytes)
C2 CompilerThread1  5396 5050   !   4       jdk.internal.loader.BuiltinClassLoader::loadClassOrNull (143 bytes)
C2 CompilerThread2  5396 5024       4       jdk.internal.loader.BuiltinClassLoader::defineClass (121 bytes)
Total: 3

VM state: not at safepoint (normal execution)

VM Mutex/Monitor currently owned by a thread: None

Heap address: 0x0000000702600000, size: 4058 MB, Compressed Oops mode: Zero based, Oop shift amount: 3

CDS archive(s) mapped at: [0x000002535b000000-0x000002535bd40000-0x000002535bd40000), size 13893632, SharedBaseAddress: 0x000002535b000000, ArchiveRelocationMode: 1.
Compressed class space mapped at: 0x000002535c000000-0x000002539c000000, reserved size: 1073741824
UseCompressedClassPointers 1, UseCompactObjectHeaders 0
Narrow klass pointer bits 32, Max shift 3
Narrow klass base: 0x000002535b000000, Narrow klass shift: 0
Encoding Range: [0x000002535b000000 - 0x000002545b000000), (4294967296 bytes)
Klass Range:    [0x000002535b000000 - 0x000002539c000000), (1090519040 bytes)
Klass ID Range:  [8 - 1090519033) (1090519025)

GC Precious Log:
 CardTable entry size: 512
 Card Set container configuration: InlinePtr #cards 4 size 8 Array Of Cards #cards 16 size 48 Howl #buckets 8 coarsen threshold 3686 Howl Bitmap #cards 512 size 80 coarsen threshold 460 Card regions per heap region 1 cards per card region 4096
 CPUs: 8 total, 8 available
 Memory: 16225M
 Large Page Support: Disabled
 NUMA Support: Disabled
 Compressed Oops: Enabled (Zero based)
 Heap Region Size: 2M
 Heap Min Capacity: 8M
 Heap Initial Capacity: 254M
 Heap Max Capacity: 4058M
 Pre-touch: Disabled
 Parallel Workers: 8
 Concurrent Workers: 2
 Concurrent Refinement Workers: 8
 Periodic GC: Disabled

Heap:
 garbage-first heap   total reserved 4155392K, committed 77824K, used 55244K [0x0000000702600000, 0x0000000800000000)
  region size 2048K, 20 young (40960K), 2 survivors (4096K)
 Metaspace       used 43391K, committed 43840K, reserved 1114112K
  class space    used 4566K, committed 4800K, reserved 1048576K

Heap Regions: E=young(eden), S=young(survivor), O=old, HS=humongous(starts), HC=humongous(continues), CS=collection set, F=free, TAMS=top-at-mark-start, PB=parsable bottom
|   0|0x0000000702600000, 0x0000000702800000, 0x0000000702800000|100%| O|  |TAMS 0x0000000702600000| PB 0x0000000702600000| Untracked |  0
|   1|0x0000000702800000, 0x00000007028cc408, 0x0000000702a00000| 39%| O|Cm|TAMS 0x0000000702800000| PB 0x0000000702800000| Complete |  0
|   2|0x0000000702a00000, 0x0000000702c00000, 0x0000000702c00000|100%| O|  |TAMS 0x0000000702a00000| PB 0x0000000702a00000| Untracked |  0
|   3|0x0000000702c00000, 0x0000000702e00000, 0x0000000702e00000|100%| O|  |TAMS 0x0000000702c00000| PB 0x0000000702c00000| Untracked |  0
|   4|0x0000000702e00000, 0x0000000703000000, 0x0000000703000000|100%| O|  |TAMS 0x0000000702e00000| PB 0x0000000702e00000| Untracked |  0
|   5|0x0000000703000000, 0x0000000703126c80, 0x0000000703200000| 57%| O|  |TAMS 0x0000000703000000| PB 0x0000000703000000| Untracked |  0
|   6|0x0000000703200000, 0x0000000703200000, 0x0000000703400000|  0%| F|  |TAMS 0x0000000703200000| PB 0x0000000703200000| Untracked |  0
|   7|0x0000000703400000, 0x0000000703400000, 0x0000000703600000|  0%| F|  |TAMS 0x0000000703400000| PB 0x0000000703400000| Untracked |  0
|   8|0x0000000703600000, 0x0000000703600000, 0x0000000703800000|  0%| F|  |TAMS 0x0000000703600000| PB 0x0000000703600000| Untracked |  0
|   9|0x0000000703800000, 0x0000000703800000, 0x0000000703a00000|  0%| F|  |TAMS 0x0000000703800000| PB 0x0000000703800000| Untracked |  0
|  10|0x0000000703a00000, 0x0000000703a00000, 0x0000000703c00000|  0%| F|  |TAMS 0x0000000703a00000| PB 0x0000000703a00000| Untracked |  0
|  11|0x0000000703c00000, 0x0000000703c00000, 0x0000000703e00000|  0%| F|  |TAMS 0x0000000703c00000| PB 0x0000000703c00000| Untracked |  0
|  12|0x0000000703e00000, 0x0000000703e00000, 0x0000000704000000|  0%| F|  |TAMS 0x0000000703e00000| PB 0x0000000703e00000| Untracked |  0
|  13|0x0000000704000000, 0x0000000704000000, 0x0000000704200000|  0%| F|  |TAMS 0x0000000704000000| PB 0x0000000704000000| Untracked |  0
|  14|0x0000000704200000, 0x0000000704365060, 0x0000000704400000| 69%| E|  |TAMS 0x0000000704200000| PB 0x0000000704200000| Complete |  0
|  15|0x0000000704400000, 0x0000000704600000, 0x0000000704600000|100%| E|CS|TAMS 0x0000000704400000| PB 0x0000000704400000| Complete |  0
|  16|0x0000000704600000, 0x0000000704800000, 0x0000000704800000|100%| E|CS|TAMS 0x0000000704600000| PB 0x0000000704600000| Complete |  0
|  17|0x0000000704800000, 0x0000000704a00000, 0x0000000704a00000|100%| E|CS|TAMS 0x0000000704800000| PB 0x0000000704800000| Complete |  0
|  18|0x0000000704a00000, 0x0000000704c00000, 0x0000000704c00000|100%| E|CS|TAMS 0x0000000704a00000| PB 0x0000000704a00000| Complete |  0
|  19|0x0000000704c00000, 0x0000000704e00000, 0x0000000704e00000|100%| E|  |TAMS 0x0000000704c00000| PB 0x0000000704c00000| Complete |  0
|  20|0x0000000704e00000, 0x0000000705000000, 0x0000000705000000|100%| E|CS|TAMS 0x0000000704e00000| PB 0x0000000704e00000| Complete |  0
|  21|0x0000000705000000, 0x0000000705200000, 0x0000000705200000|100%| E|CS|TAMS 0x0000000705000000| PB 0x0000000705000000| Complete |  0
|  22|0x0000000705200000, 0x0000000705400000, 0x0000000705400000|100%| E|CS|TAMS 0x0000000705200000| PB 0x0000000705200000| Complete |  0
|  23|0x0000000705400000, 0x0000000705600000, 0x0000000705600000|100%| S|CS|TAMS 0x0000000705400000| PB 0x0000000705400000| Complete |  0
|  24|0x0000000705600000, 0x0000000705800000, 0x0000000705800000|100%| S|CS|TAMS 0x0000000705600000| PB 0x0000000705600000| Complete |  0
|  25|0x0000000705800000, 0x0000000705a00000, 0x0000000705a00000|100%| E|CS|TAMS 0x0000000705800000| PB 0x0000000705800000| Complete |  0
|  99|0x000000070ec00000, 0x000000070ee00000, 0x000000070ee00000|100%| E|CS|TAMS 0x000000070ec00000| PB 0x000000070ec00000| Complete |  0
| 103|0x000000070f400000, 0x000000070f600000, 0x000000070f600000|100%| E|CS|TAMS 0x000000070f400000| PB 0x000000070f400000| Complete |  0
| 104|0x000000070f600000, 0x000000070f800000, 0x000000070f800000|100%| E|CS|TAMS 0x000000070f600000| PB 0x000000070f600000| Complete |  0
| 105|0x000000070f800000, 0x000000070fa00000, 0x000000070fa00000|100%| E|CS|TAMS 0x000000070f800000| PB 0x000000070f800000| Complete |  0
| 106|0x000000070fa00000, 0x000000070fc00000, 0x000000070fc00000|100%| E|CS|TAMS 0x000000070fa00000| PB 0x000000070fa00000| Complete |  0
| 107|0x000000070fc00000, 0x000000070fe00000, 0x000000070fe00000|100%| E|CS|TAMS 0x000000070fc00000| PB 0x000000070fc00000| Complete |  0
| 126|0x0000000712200000, 0x0000000712400000, 0x0000000712400000|100%| E|CS|TAMS 0x0000000712200000| PB 0x0000000712200000| Complete |  0
|2024|0x00000007ff600000, 0x00000007ff800000, 0x00000007ff800000|100%| O|  |TAMS 0x00000007ff600000| PB 0x00000007ff600000| Untracked |  0
|2025|0x00000007ff800000, 0x00000007ffa00000, 0x00000007ffa00000|100%| O|  |TAMS 0x00000007ff800000| PB 0x00000007ff800000| Untracked |  0
|2026|0x00000007ffa00000, 0x00000007ffc00000, 0x00000007ffc00000|100%| O|  |TAMS 0x00000007ffa00000| PB 0x00000007ffa00000| Untracked |  0
|2027|0x00000007ffc00000, 0x00000007ffe00000, 0x00000007ffe00000|100%| O|  |TAMS 0x00000007ffc00000| PB 0x00000007ffc00000| Untracked |  0
|2028|0x00000007ffe00000, 0x0000000800000000, 0x0000000800000000|100%| E|CS|TAMS 0x00000007ffe00000| PB 0x00000007ffe00000| Complete |  0

Card table byte_map: [0x0000025353920000,0x0000025354110000] _byte_map_base: 0x000002535010d000

Marking Bits: (CMBitMap*) 0x000002533b4b6ea0
 Bits: [0x0000025354110000, 0x0000025358078000)

Polling page: 0x000002533ac20000

Metaspace:

Usage:
  Non-class:     37.93 MB used.
      Class:      4.46 MB used.
       Both:     42.39 MB used.

Virtual space:
  Non-class space:       64.00 MB reserved,      38.12 MB ( 60%) committed,  1 nodes.
      Class space:        1.00 GB reserved,       4.69 MB ( <1%) committed,  1 nodes.
             Both:        1.06 GB reserved,      42.81 MB (  4%) committed. 

Chunk freelists:
   Non-Class:  9.88 MB
       Class:  11.28 MB
        Both:  21.16 MB

MaxMetaspaceSize: unlimited
CompressedClassSpaceSize: 1.00 GB
Initial GC threshold: 21.00 MB
Current GC threshold: 58.75 MB
CDS: on
 - commit_granule_bytes: 65536.
 - commit_granule_words: 8192.
 - virtual_space_node_default_size: 8388608.
 - enlarge_chunks_in_place: 1.
UseCompressedClassPointers 1, UseCompactObjectHeaders 0
Narrow klass pointer bits 32, Max shift 3
Narrow klass base: 0x000002535b000000, Narrow klass shift: 0
Encoding Range: [0x000002535b000000 - 0x000002545b000000), (4294967296 bytes)
Klass Range:    [0x000002535b000000 - 0x000002539c000000), (1090519040 bytes)
Klass ID Range:  [8 - 1090519033) (1090519025)


Internal statistics:

num_allocs_failed_limit: 6.
num_arena_births: 504.
num_arena_deaths: 0.
num_vsnodes_births: 2.
num_vsnodes_deaths: 0.
num_space_committed: 685.
num_space_uncommitted: 0.
num_chunks_returned_to_freelist: 6.
num_chunks_taken_from_freelist: 1990.
num_chunk_merges: 6.
num_chunk_splits: 1436.
num_chunks_enlarged: 1161.
num_inconsistent_stats: 0.

CodeHeap 'non-profiled nmethods': size=120064Kb used=2408Kb max_used=2408Kb free=117655Kb
 bounds [0x000002534b7b0000, 0x000002534ba20000, 0x0000025352cf0000]
CodeHeap 'profiled nmethods': size=120000Kb used=8496Kb max_used=8703Kb free=111503Kb
 bounds [0x0000025343cf0000, 0x0000025344590000, 0x000002534b220000]
CodeHeap 'non-nmethods': size=5696Kb used=1419Kb max_used=1511Kb free=4276Kb
 bounds [0x000002534b220000, 0x000002534b490000, 0x000002534b7b0000]
CodeCache: size=245760Kb, used=12323Kb, max_used=12622Kb, free=233434Kb
 total_blobs=5298, nmethods=4711, adapters=492, full_count=0
Compilation: enabled, stopped_count=0, restarted_count=0

Compilation events (20 events):
Event: 5.288 Thread 0x000002535aba8070 5072       3       net.bytebuddy.description.method.MethodList$ForLoadedMethods::get (67 bytes)
Event: 5.289 Thread 0x000002535aba8070 nmethod 5072 0x0000025344151488 code [0x0000025344151680, 0x0000025344152428]
Event: 5.302 Thread 0x000002535aba8070 5074       3       jdk.internal.util.DecimalDigits::stringSize (55 bytes)
Event: 5.302 Thread 0x000002535aba8070 nmethod 5074 0x0000025343d7c508 code [0x0000025343d7c620, 0x0000025343d7c868]
Event: 5.303 Thread 0x000002535aba8070 5075       3       jdk.internal.constant.ConstantUtils::binaryNameToDesc (8 bytes)
Event: 5.304 Thread 0x000002535aba8070 nmethod 5075 0x0000025343d14108 code [0x0000025343d14380, 0x0000025343d158c8]
Event: 5.314 Thread 0x000002535aba8070 5076       3       net.bytebuddy.matcher.NameMatcher::doMatch (9 bytes)
Event: 5.314 Thread 0x000002535aba8070 nmethod 5076 0x0000025343d7bf88 code [0x0000025343d7c0c0, 0x0000025343d7c4d8]
Event: 5.314 Thread 0x000002535aba8070 5077       3       net.bytebuddy.matcher.NameMatcher::doMatch (16 bytes)
Event: 5.314 Thread 0x000002535aba8070 nmethod 5077 0x0000025343d7bb08 code [0x0000025343d7bc40, 0x0000025343d7bef8]
Event: 5.326 Thread 0x000002535aba8070 5079       3       net.bytebuddy.description.method.MethodDescription$AbstractBase::getActualName (17 bytes)
Event: 5.327 Thread 0x000002535aba8070 nmethod 5079 0x0000025343e89508 code [0x0000025343e89660, 0x0000025343e89b78]
Event: 5.327 Thread 0x000002535aba8070 5080       3       net.bytebuddy.description.method.MethodDescription$AbstractBase::isMethod (20 bytes)
Event: 5.327 Thread 0x000002535aba8070 nmethod 5080 0x0000025343e89088 code [0x0000025343e891c0, 0x0000025343e894d0]
Event: 5.327 Thread 0x000002535aba8070 5081       3       net.bytebuddy.description.method.MethodDescription$ForLoadedMethod::getName (11 bytes)
Event: 5.327 Thread 0x000002535aba8070 nmethod 5081 0x0000025343e88b08 code [0x0000025343e88c20, 0x0000025343e88ea8]
Event: 5.327 Thread 0x000002535aba8070 5082       3       net.bytebuddy.matcher.StringMatcher::doMatch (9 bytes)
Event: 5.327 Thread 0x000002535aba8070 nmethod 5082 0x0000025343f25c88 code [0x0000025343f25dc0, 0x0000025343f260f0]
Event: 5.327 Thread 0x000002535aba8070 5083       3       net.bytebuddy.matcher.StringMatcher::doMatch (13 bytes)
Event: 5.327 Thread 0x000002535aba8070 nmethod 5083 0x0000025343d7b788 code [0x0000025343d7b8a0, 0x0000025343d7ba90]

GC Heap History (10 events):
Event: 1.362 GC heap before
{Heap before GC invocations=0 (full 0):
 garbage-first heap   total reserved 4155392K, committed 262144K, used 50292K [0x0000000702600000, 0x0000000800000000)
  region size 2048K, 24 young (49152K), 0 survivors (0K)
 Metaspace       used 11548K, committed 11776K, reserved 1114112K
  class space    used 1288K, committed 1408K, reserved 1048576K
}
Event: 1.370 GC heap after
{Heap after GC invocations=1 (full 0):
 garbage-first heap   total reserved 4155392K, committed 262144K, used 10149K [0x0000000702600000, 0x0000000800000000)
  region size 2048K, 3 young (6144K), 3 survivors (6144K)
 Metaspace       used 11548K, committed 11776K, reserved 1114112K
  class space    used 1288K, committed 1408K, reserved 1048576K
}
Event: 2.010 GC heap before
{Heap before GC invocations=1 (full 0):
 garbage-first heap   total reserved 4155392K, committed 262144K, used 47013K [0x0000000702600000, 0x0000000800000000)
  region size 2048K, 22 young (45056K), 3 survivors (6144K)
 Metaspace       used 21265K, committed 21504K, reserved 1114112K
  class space    used 2144K, committed 2240K, reserved 1048576K
}
Event: 2.016 GC heap after
{Heap after GC invocations=2 (full 0):
 garbage-first heap   total reserved 4155392K, committed 262144K, used 14785K [0x0000000702600000, 0x0000000800000000)
  region size 2048K, 6 young (12288K), 6 survivors (12288K)
 Metaspace       used 21265K, committed 21504K, reserved 1114112K
  class space    used 2144K, committed 2240K, reserved 1048576K
}
Event: 3.227 GC heap before
{Heap before GC invocations=3 (full 0):
 garbage-first heap   total reserved 4155392K, committed 61440K, used 57793K [0x0000000702600000, 0x0000000800000000)
  region size 2048K, 27 young (55296K), 6 survivors (12288K)
 Metaspace       used 27163K, committed 27456K, reserved 1114112K
  class space    used 2754K, committed 2880K, reserved 1048576K
}
Event: 3.239 GC heap after
{Heap after GC invocations=4 (full 0):
 garbage-first heap   total reserved 4155392K, committed 77824K, used 18943K [0x0000000702600000, 0x0000000800000000)
  region size 2048K, 4 young (8192K), 4 survivors (8192K)
 Metaspace       used 27163K, committed 27456K, reserved 1114112K
  class space    used 2754K, committed 2880K, reserved 1048576K
}
Event: 3.975 GC heap before
{Heap before GC invocations=4 (full 0):
 garbage-first heap   total reserved 4155392K, committed 77824K, used 51711K [0x0000000702600000, 0x0000000800000000)
  region size 2048K, 20 young (40960K), 4 survivors (8192K)
 Metaspace       used 32913K, committed 33344K, reserved 1114112K
  class space    used 3400K, committed 3584K, reserved 1048576K
}
Event: 3.988 GC heap after
{Heap after GC invocations=5 (full 0):
 garbage-first heap   total reserved 4155392K, committed 77824K, used 21360K [0x0000000702600000, 0x0000000800000000)
  region size 2048K, 2 young (4096K), 2 survivors (4096K)
 Metaspace       used 32913K, committed 33344K, reserved 1114112K
  class space    used 3400K, committed 3584K, reserved 1048576K
}
Event: 4.362 GC heap before
{Heap before GC invocations=5 (full 0):
 garbage-first heap   total reserved 4155392K, committed 77824K, used 37744K [0x0000000702600000, 0x0000000800000000)
  region size 2048K, 11 young (22528K), 2 survivors (4096K)
 Metaspace       used 35688K, committed 35968K, reserved 1114112K
  class space    used 3716K, committed 3840K, reserved 1048576K
}
Event: 4.370 GC heap after
{Heap after GC invocations=6 (full 0):
 garbage-first heap   total reserved 4155392K, committed 77824K, used 22476K [0x0000000702600000, 0x0000000800000000)
  region size 2048K, 2 young (4096K), 2 survivors (4096K)
 Metaspace       used 35688K, committed 35968K, reserved 1114112K
  class space    used 3716K, committed 3840K, reserved 1048576K
}

Dll operation events (13 events):
Event: 0.014 Loaded shared library C:\Program Files\Java\jdk-24\bin\java.dll
Event: 0.060 Loaded shared library C:\Program Files\Java\jdk-24\bin\jsvml.dll
Event: 0.175 Loaded shared library C:\Program Files\Java\jdk-24\bin\zip.dll
Event: 0.177 Loaded shared library C:\Program Files\Java\jdk-24\bin\instrument.dll
Event: 0.181 Loaded shared library C:\Program Files\Java\jdk-24\bin\net.dll
Event: 0.183 Loaded shared library C:\Program Files\Java\jdk-24\bin\nio.dll
Event: 0.187 Loaded shared library C:\Program Files\Java\jdk-24\bin\zip.dll
Event: 0.322 Loaded shared library C:\Program Files\Java\jdk-24\bin\extnet.dll
Event: 0.357 Loaded shared library C:\Program Files\Java\jdk-24\bin\jimage.dll
Event: 2.104 Loaded shared library C:\Program Files\Java\jdk-24\bin\sunmscapi.dll
Event: 4.324 Loaded shared library C:\Program Files\Java\jdk-24\bin\management.dll
Event: 4.326 Loaded shared library C:\Program Files\Java\jdk-24\bin\management_ext.dll
Event: 5.177 Loaded shared library C:\Program Files\Java\jdk-24\bin\verify.dll

Deoptimization events (20 events):
Event: 4.897 Thread 0x000002533922b6c0 Uncommon trap: trap_request=0xffffff4d fr.pc=0x000002534b893014 relative=0x00000000000000f4
Event: 4.897 Thread 0x000002533922b6c0 Uncommon trap: reason=unstable_if action=reinterpret pc=0x000002534b893014 method=java.lang.ClassLoader.getClassLoadingLock(Ljava/lang/String;)Ljava/lang/Object; @ 6 c2
Event: 4.897 Thread 0x000002533922b6c0 DEOPT PACKING pc=0x000002534b893014 sp=0x000000f9e36f99c0
Event: 4.897 Thread 0x000002533922b6c0 DEOPT UNPACKING pc=0x000002534b334902 sp=0x000000f9e36f9950 mode 2
Event: 4.995 Thread 0x000002533922b6c0 Uncommon trap: trap_request=0xffffff6e fr.pc=0x000002534b8107f8 relative=0x0000000000000278
Event: 4.995 Thread 0x000002533922b6c0 Uncommon trap: reason=loop_limit_check action=maybe_recompile pc=0x000002534b8107f8 method=java.math.BigInteger.implMulAdd([I[IIII)I @ 26 c2
Event: 4.995 Thread 0x000002533922b6c0 DEOPT PACKING pc=0x000002534b8107f8 sp=0x000000f9e36f7c80
Event: 4.995 Thread 0x000002533922b6c0 DEOPT UNPACKING pc=0x000002534b334902 sp=0x000000f9e36f7bd0 mode 2
Event: 5.118 Thread 0x000002533922b6c0 Uncommon trap: trap_request=0xffffff4d fr.pc=0x000002534b8958d0 relative=0x00000000000009f0
Event: 5.118 Thread 0x000002533922b6c0 Uncommon trap: reason=unstable_if action=reinterpret pc=0x000002534b8958d0 method=java.util.BitSet.previousSetBit(I)I @ 52 c2
Event: 5.118 Thread 0x000002533922b6c0 DEOPT PACKING pc=0x000002534b8958d0 sp=0x000000f9e36f5ea0
Event: 5.118 Thread 0x000002533922b6c0 DEOPT UNPACKING pc=0x000002534b334902 sp=0x000000f9e36f5de8 mode 2
Event: 5.118 Thread 0x000002533922b6c0 Uncommon trap: trap_request=0xffffff4d fr.pc=0x000002534b7f491c relative=0x000000000000061c
Event: 5.118 Thread 0x000002533922b6c0 Uncommon trap: reason=unstable_if action=reinterpret pc=0x000002534b7f491c method=java.util.jar.JarFile.getEntry(Ljava/lang/String;)Ljava/util/zip/ZipEntry; @ 15 c2
Event: 5.118 Thread 0x000002533922b6c0 DEOPT PACKING pc=0x000002534b7f491c sp=0x000000f9e36f5f30
Event: 5.118 Thread 0x000002533922b6c0 DEOPT UNPACKING pc=0x000002534b334902 sp=0x000000f9e36f5f38 mode 2
Event: 5.119 Thread 0x000002533922b6c0 Uncommon trap: trap_request=0xffffff4d fr.pc=0x000002534b83d578 relative=0x0000000000000078
Event: 5.119 Thread 0x000002533922b6c0 Uncommon trap: reason=unstable_if action=reinterpret pc=0x000002534b83d578 method=java.util.BitSet.previousSetBit(I)I @ 52 c2
Event: 5.119 Thread 0x000002533922b6c0 DEOPT PACKING pc=0x000002534b83d578 sp=0x000000f9e36f4540
Event: 5.119 Thread 0x000002533922b6c0 DEOPT UNPACKING pc=0x000002534b334902 sp=0x000000f9e36f44c0 mode 2

Classes loaded (20 events):
Event: 4.986 Loading class java/math/BigInteger$RecursiveOp
Event: 4.986 Loading class java/util/concurrent/RecursiveTask
Event: 4.986 Loading class java/util/concurrent/RecursiveTask done
Event: 4.986 Loading class java/math/BigInteger$RecursiveOp done
Event: 4.987 Loading class java/math/BigInteger$RecursiveOp$RecursiveSquare
Event: 4.987 Loading class java/math/BigInteger$RecursiveOp$RecursiveSquare done
Event: 5.098 Loading class javax/xml/stream/XMLEventReader
Event: 5.098 Loading class javax/xml/stream/XMLEventReader done
Event: 5.104 Loading class javax/xml/stream/XMLEventFactory
Event: 5.104 Loading class javax/xml/stream/XMLEventFactory done
Event: 5.104 Loading class javax/xml/stream/FactoryFinder
Event: 5.104 Loading class javax/xml/stream/FactoryFinder done
Event: 5.106 Loading class com/sun/xml/internal/stream/events/XMLEventFactoryImpl
Event: 5.106 Loading class com/sun/xml/internal/stream/events/XMLEventFactoryImpl done
Event: 5.135 Loading class java/lang/Process
Event: 5.135 Loading class java/lang/Process done
Event: 5.146 Loading class java/lang/reflect/GenericSignatureFormatError
Event: 5.146 Loading class java/lang/reflect/GenericSignatureFormatError done
Event: 5.180 Loading class java/lang/SecurityManager
Event: 5.180 Loading class java/lang/SecurityManager done

Classes unloaded (0 events):
No events

Classes redefined (0 events):
No events

Internal exceptions (20 events):
Event: 4.042 Thread 0x000002533922b6c0 Exception <a 'java/lang/NoSuchMethodError'{0x00000007122d02b8}: 'void java.lang.invoke.DirectMethodHandle$Holder.invokeStatic(java.lang.Object, int, java.lang.Object)'> (0x00000007122d02b8) 
thrown [s\open\src\hotspot\share\interpreter\linkResolver.cpp, line 805]
Event: 4.050 Thread 0x000002533922b6c0 Exception <a 'java/lang/NoSuchMethodError'{0x00000007123567c8}: 'void java.lang.invoke.DirectMethodHandle$Holder.invokeStatic(java.lang.Object, java.lang.Object, java.lang.Object, int, java.lang.Object)'> (0x00000007123567c8) 
thrown [s\open\src\hotspot\share\interpreter\linkResolver.cpp, line 805]
Event: 4.163 Thread 0x000002533922b6c0 Exception <a 'java/lang/NoSuchMethodError'{0x000000070f600d60}: 'java.lang.Object java.lang.invoke.DirectMethodHandle$Holder.invokeStaticInit(java.lang.Object, int, int, int, int)'> (0x000000070f600d60) 
thrown [s\open\src\hotspot\share\interpreter\linkResolver.cpp, line 805]
Event: 4.192 Thread 0x000002533922b6c0 Exception <a 'java/lang/NoSuchMethodError'{0x000000070f6d72d8}: 'java.lang.Object java.lang.invoke.DirectMethodHandle$Holder.invokeStaticInit(java.lang.Object, java.lang.Object, int, int, int, int)'> (0x000000070f6d72d8) 
thrown [s\open\src\hotspot\share\interpreter\linkResolver.cpp, line 805]
Event: 4.301 Thread 0x000002533922b6c0 Exception <a 'java/lang/NoSuchMethodError'{0x000000070ec77780}: 'int java.lang.invoke.DirectMethodHandle$Holder.invokeVirtual(java.lang.Object, java.lang.Object, java.lang.Object, java.lang.Object)'> (0x000000070ec77780) 
thrown [s\open\src\hotspot\share\interpreter\linkResolver.cpp, line 805]
Event: 4.301 Thread 0x000002533922b6c0 Exception <a 'java/lang/NoSuchMethodError'{0x000000070ec7fcd0}: 'int java.lang.invoke.DelegatingMethodHandle$Holder.reinvoke_L(java.lang.Object, java.lang.Object, java.lang.Object, java.lang.Object)'> (0x000000070ec7fcd0) 
thrown [s\open\src\hotspot\share\interpreter\linkResolver.cpp, line 805]
Event: 4.338 Thread 0x000002533922b6c0 Exception <a 'java/io/FileNotFoundException'{0x000000070ed9e3e8}> (0x000000070ed9e3e8) 
thrown [s\open\src\hotspot\share\prims\jni.cpp, line 518]
Event: 4.375 Thread 0x000002533922b6c0 Exception <a 'java/io/IOException'{0x00000007ffe05280}> (0x00000007ffe05280) 
thrown [s\open\src\hotspot\share\prims\jni.cpp, line 518]
Event: 4.375 Thread 0x000002533922b6c0 Exception <a 'java/io/IOException'{0x00000007ffe059a0}> (0x00000007ffe059a0) 
thrown [s\open\src\hotspot\share\prims\jni.cpp, line 518]
Event: 4.376 Thread 0x000002533922b6c0 Exception <a 'java/io/IOException'{0x00000007ffe060b0}> (0x00000007ffe060b0) 
thrown [s\open\src\hotspot\share\prims\jni.cpp, line 518]
Event: 4.405 Thread 0x000002533922b6c0 Exception <a 'java/io/IOException'{0x00000007ffe85488}> (0x00000007ffe85488) 
thrown [s\open\src\hotspot\share\prims\jni.cpp, line 518]
Event: 4.406 Thread 0x000002533922b6c0 Exception <a 'java/io/IOException'{0x00000007ffe897d8}> (0x00000007ffe897d8) 
thrown [s\open\src\hotspot\share\prims\jni.cpp, line 518]
Event: 4.406 Thread 0x000002533922b6c0 Exception <a 'java/io/IOException'{0x00000007ffe8a2b0}> (0x00000007ffe8a2b0) 
thrown [s\open\src\hotspot\share\prims\jni.cpp, line 518]
Event: 4.424 Thread 0x000002533922b6c0 Exception <a 'java/lang/NoSuchMethodError'{0x00000007fff18210}: 'int java.lang.invoke.DirectMethodHandle$Holder.invokeInterface(java.lang.Object, java.lang.Object, java.lang.Object, java.lang.Object)'> (0x00000007fff18210) 
thrown [s\open\src\hotspot\share\interpreter\linkResolver.cpp, line 805]
Event: 4.452 Thread 0x000002533922b6c0 Exception <a 'java/lang/NoSuchMethodError'{0x00000007122c2e00}: 'void java.lang.invoke.Invokers$Holder.invokeExact_MT(java.lang.Object, java.lang.Object, java.lang.Object, java.lang.Object)'> (0x00000007122c2e00) 
thrown [s\open\src\hotspot\share\interpreter\linkResolver.cpp, line 805]
Event: 4.550 Thread 0x000002533922b6c0 Exception <a 'java/lang/NoSuchMethodError'{0x000000070fb212e8}: 'java.lang.Object java.lang.invoke.DirectMethodHandle$Holder.newInvokeSpecial(java.lang.Object, java.lang.Object, java.lang.Object, java.lang.Object, java.lang.Object, java.lang.Object, java.lang.Object, java.lang.Object, java.lang.Object, java.lang.Object, java.lang.Object, java.lang.Object)'> (0x000000070fb212e8) 
thrown [s\open\src\hotspot\share\interpreter\linkResolver.cpp, line 805]
Event: 4.552 Thread 0x000002533922b6c0 Exception <a 'java/lang/NoSuchMethodError'{0x000000070fb8a300}: 'java.lang.Object java.lang.invoke.DirectMethodHandle$Holder.invokeStatic(java.lang.Object, java.lang.Object, java.lang.Object, java.lang.Object, java.lang.Object, java.lang.Object, java.lang.Object, java.lang.Object, java.lang.Object)'> (0x000000070fb8a300) 
thrown [s\open\src\hotspot\share\interpreter\linkResolver.cpp, line 805]
Event: 4.654 Thread 0x000002533922b6c0 Exception <a 'java/lang/NoSuchMethodError'{0x000000070f7f0a80}: 'void java.lang.invoke.DelegatingMethodHandle$Holder.reinvoke_L(java.lang.Object, java.lang.Object, java.lang.Object, java.lang.Object, int, java.lang.Object, java.lang.Object, java.lang.Object)'> (0x000000070f7f0a80) 
thrown [s\open\src\hotspot\share\interpreter\linkResolver.cpp, line 805]
Event: 4.656 Thread 0x000002533922b6c0 Exception <a 'java/lang/NoSuchMethodError'{0x000000070f444e70}: 'java.lang.Object java.lang.invoke.DirectMethodHandle$Holder.invokeStatic(java.lang.Object, java.lang.Object, java.lang.Object, java.lang.Object, java.lang.Object, java.lang.Object, java.lang.Object, java.lang.Object, java.lang.Object, java.lang.Object)'> (0x000000070f444e70) 
thrown [s\open\src\hotspot\share\interpreter\linkResolver.cpp, line 805]
Event: 4.810 Thread 0x000002533922b6c0 Exception <a 'java/io/IOException'{0x000000070ecec710}> (0x000000070ecec710) 
thrown [s\open\src\hotspot\share\prims\jni.cpp, line 518]

VM Operations (20 events):
Event: 3.972 Executing VM operation: HandshakeAllThreads (Deoptimize)
Event: 3.972 Executing VM operation: HandshakeAllThreads (Deoptimize) done
Event: 3.975 Executing VM operation: G1CollectForAllocation (G1 Evacuation Pause)
Event: 3.988 Executing VM operation: G1CollectForAllocation (G1 Evacuation Pause) done
Event: 4.290 Executing VM operation: HandshakeAllThreads (Deoptimize)
Event: 4.290 Executing VM operation: HandshakeAllThreads (Deoptimize) done
Event: 4.329 Executing VM operation: HandshakeAllThreads (Deoptimize)
Event: 4.329 Executing VM operation: HandshakeAllThreads (Deoptimize) done
Event: 4.362 Executing VM operation: CollectForMetadataAllocation (Metadata GC Threshold)
Event: 4.370 Executing VM operation: CollectForMetadataAllocation (Metadata GC Threshold) done
Event: 4.387 Executing VM operation: G1PauseRemark
Event: 4.392 Executing VM operation: G1PauseRemark done
Event: 4.392 Executing VM operation: HandshakeAllThreads (Deoptimize)
Event: 4.392 Executing VM operation: HandshakeAllThreads (Deoptimize) done
Event: 4.396 Executing VM operation: G1PauseCleanup
Event: 4.397 Executing VM operation: G1PauseCleanup done
Event: 4.544 Executing VM operation: HandshakeAllThreads (Deoptimize)
Event: 4.544 Executing VM operation: HandshakeAllThreads (Deoptimize) done
Event: 4.755 Executing VM operation: HandshakeAllThreads (Deoptimize)
Event: 4.756 Executing VM operation: HandshakeAllThreads (Deoptimize) done

Memory protections (0 events):
No events

Nmethod flushes (20 events):
Event: 4.391 Thread 0x000002535a3e1e20 flushing  nmethod 0x0000025343f05c88
Event: 4.391 Thread 0x000002535a3e1e20 flushing  nmethod 0x0000025343f2e188
Event: 4.391 Thread 0x000002535a3e1e20 flushing  nmethod 0x0000025343f31a08
Event: 4.391 Thread 0x000002535a3e1e20 flushing  nmethod 0x0000025343f47c08
Event: 4.391 Thread 0x000002535a3e1e20 flushing  nmethod 0x0000025343f50f88
Event: 4.391 Thread 0x000002535a3e1e20 flushing  nmethod 0x0000025343ffd188
Event: 4.391 Thread 0x000002535a3e1e20 flushing  nmethod 0x0000025344000b88
Event: 4.391 Thread 0x000002535a3e1e20 flushing  nmethod 0x0000025344000e88
Event: 4.391 Thread 0x000002535a3e1e20 flushing  nmethod 0x0000025344001e08
Event: 4.391 Thread 0x000002535a3e1e20 flushing  nmethod 0x0000025344013888
Event: 4.391 Thread 0x000002535a3e1e20 flushing  nmethod 0x0000025344056f08
Event: 4.391 Thread 0x000002535a3e1e20 flushing  nmethod 0x0000025344057f88
Event: 4.391 Thread 0x000002535a3e1e20 flushing  nmethod 0x0000025344071288
Event: 4.391 Thread 0x000002535a3e1e20 flushing  nmethod 0x0000025344082408
Event: 4.391 Thread 0x000002535a3e1e20 flushing  nmethod 0x0000025344083088
Event: 4.391 Thread 0x000002535a3e1e20 flushing  nmethod 0x0000025344090408
Event: 4.391 Thread 0x000002535a3e1e20 flushing  nmethod 0x00000253440abd88
Event: 4.391 Thread 0x000002535a3e1e20 flushing  nmethod 0x0000025344102d08
Event: 4.391 Thread 0x000002535a3e1e20 flushing  nmethod 0x000002534416f488
Event: 4.391 Thread 0x000002535a3e1e20 flushing  nmethod 0x0000025344171388

Events (18 events):
Event: 0.040 Thread 0x000002533922b6c0 Thread added: 0x000002533922b6c0
Event: 0.056 Thread 0x000002533922b6c0 Thread added: 0x000002535a3f1b70
Event: 0.056 Thread 0x000002533922b6c0 Thread added: 0x000002535a3f44d0
Event: 0.056 Thread 0x000002533922b6c0 Thread added: 0x000002535a3f82a0
Event: 0.056 Thread 0x000002533922b6c0 Thread added: 0x000002535a3fade0
Event: 0.056 Thread 0x000002533922b6c0 Thread added: 0x000002535a3fb910
Event: 0.057 Thread 0x000002533922b6c0 Thread added: 0x000002535a3fc440
Event: 0.057 Thread 0x000002533922b6c0 Thread added: 0x000002535a4020b0
Event: 0.058 Thread 0x000002533922b6c0 Thread added: 0x000002535aba8070
Event: 0.179 Thread 0x000002533922b6c0 Thread added: 0x000002535ad711f0
Event: 0.196 Thread 0x000002535aba8070 Thread added: 0x000002535adb05f0
Event: 0.309 Thread 0x000002533922b6c0 Thread added: 0x000002535ae9b810
Event: 0.309 Thread 0x000002533922b6c0 Thread added: 0x000002535aef3e20
Event: 1.176 Thread 0x000002533922b6c0 Thread added: 0x00000253a0adb220
Event: 1.640 Thread 0x000002535aba8070 Thread added: 0x00000253a0c01e30
Event: 1.944 Thread 0x000002533922b6c0 Thread added: 0x00000253a11e1e70
Event: 1.986 Thread 0x00000253a11e1e70 Thread exited: 0x00000253a11e1e70
Event: 2.109 Thread 0x00000253a0adb220 Thread exited: 0x00000253a0adb220


Dynamic libraries:
0x00007ff6e28e0000 - 0x00007ff6e28f0000 	C:\Program Files\Java\jdk-24\bin\java.exe
0x00007fff163f0000 - 0x00007fff165e8000 	C:\Windows\SYSTEM32\ntdll.dll
0x00007fff15570000 - 0x00007fff15632000 	C:\Windows\System32\KERNEL32.DLL
0x00007fff13e70000 - 0x00007fff14167000 	C:\Windows\System32\KERNELBASE.dll
0x00007fff142e0000 - 0x00007fff143e0000 	C:\Windows\System32\ucrtbase.dll
0x00007fff10310000 - 0x00007fff1032b000 	C:\Program Files\Java\jdk-24\bin\VCRUNTIME140.dll
0x00007fff10170000 - 0x00007fff10186000 	C:\Program Files\Java\jdk-24\bin\jli.dll
0x00007fff16130000 - 0x00007fff162cd000 	C:\Windows\System32\USER32.dll
0x00007fff143e0000 - 0x00007fff14402000 	C:\Windows\System32\win32u.dll
0x00007ffefb600000 - 0x00007ffefb89a000 	C:\Windows\WinSxS\amd64_microsoft.windows.common-controls_6595b64144ccf1df_6.0.19041.5915_none_60b4b9d171f9c7c7\COMCTL32.dll
0x00007fff16380000 - 0x00007fff163ab000 	C:\Windows\System32\GDI32.dll
0x00007fff14b30000 - 0x00007fff14bce000 	C:\Windows\System32\msvcrt.dll
0x00007fff13d50000 - 0x00007fff13e69000 	C:\Windows\System32\gdi32full.dll
0x00007fff13c60000 - 0x00007fff13cfd000 	C:\Windows\System32\msvcp_win.dll
0x00007fff15540000 - 0x00007fff1556f000 	C:\Windows\System32\IMM32.DLL
0x00007fff108d0000 - 0x00007fff108dc000 	C:\Program Files\Java\jdk-24\bin\vcruntime140_1.dll
0x00007fff0c3c0000 - 0x00007fff0c44e000 	C:\Program Files\Java\jdk-24\bin\msvcp140.dll
0x00007ffed1b10000 - 0x00007ffed28b2000 	C:\Program Files\Java\jdk-24\bin\server\jvm.dll
0x00007fff147b0000 - 0x00007fff14861000 	C:\Windows\System32\ADVAPI32.dll
0x00007fff148f0000 - 0x00007fff1498f000 	C:\Windows\System32\sechost.dll
0x00007fff14a00000 - 0x00007fff14b26000 	C:\Windows\System32\RPCRT4.dll
0x00007fff142b0000 - 0x00007fff142d7000 	C:\Windows\System32\bcrypt.dll
0x00007fff15460000 - 0x00007fff154cb000 	C:\Windows\System32\WS2_32.dll
0x00007fff12f80000 - 0x00007fff12fcb000 	C:\Windows\SYSTEM32\POWRPROF.dll
0x00007fff05270000 - 0x00007fff05297000 	C:\Windows\SYSTEM32\WINMM.dll
0x00007fff0f770000 - 0x00007fff0f77a000 	C:\Windows\SYSTEM32\VERSION.dll
0x00007fff12e40000 - 0x00007fff12e52000 	C:\Windows\SYSTEM32\UMPDC.dll
0x00007fff12290000 - 0x00007fff122a2000 	C:\Windows\SYSTEM32\kernel.appcore.dll
0x00007fff10450000 - 0x00007fff1045a000 	C:\Program Files\Java\jdk-24\bin\jimage.dll
0x00007fff117a0000 - 0x00007fff119a1000 	C:\Windows\SYSTEM32\DBGHELP.DLL
0x00007ffef88c0000 - 0x00007ffef88f4000 	C:\Windows\SYSTEM32\dbgcore.DLL
0x00007fff14220000 - 0x00007fff142a2000 	C:\Windows\System32\bcryptPrimitives.dll
0x00007fff10300000 - 0x00007fff1030f000 	C:\Program Files\Java\jdk-24\bin\instrument.dll
0x00007fff0f3d0000 - 0x00007fff0f3ee000 	C:\Program Files\Java\jdk-24\bin\java.dll
0x00007fff14600000 - 0x00007fff1472b000 	C:\Windows\System32\ole32.dll
0x00007fff15b90000 - 0x00007fff15ee3000 	C:\Windows\System32\combase.dll
0x00007fff14cf0000 - 0x00007fff1545e000 	C:\Windows\System32\SHELL32.dll
0x00007fff11aa0000 - 0x00007fff12244000 	C:\Windows\SYSTEM32\windows.storage.dll
0x00007fff133d0000 - 0x00007fff133fb000 	C:\Windows\SYSTEM32\Wldp.dll
0x00007fff15ac0000 - 0x00007fff15b8d000 	C:\Windows\System32\OLEAUT32.dll
0x00007fff162d0000 - 0x00007fff1637d000 	C:\Windows\System32\SHCORE.dll
0x00007fff14730000 - 0x00007fff1478b000 	C:\Windows\System32\shlwapi.dll
0x00007fff139b0000 - 0x00007fff139d4000 	C:\Windows\SYSTEM32\profapi.dll
0x00007ffeff170000 - 0x00007ffeff247000 	C:\Program Files\Java\jdk-24\bin\jsvml.dll
0x00007fff0c3a0000 - 0x00007fff0c3b7000 	C:\Program Files\Java\jdk-24\bin\zip.dll
0x00007fff0ce10000 - 0x00007fff0ce20000 	C:\Program Files\Java\jdk-24\bin\net.dll
0x00007fff131b0000 - 0x00007fff1321a000 	C:\Windows\system32\mswsock.dll
0x00007fff0cdf0000 - 0x00007fff0ce06000 	C:\Program Files\Java\jdk-24\bin\nio.dll
0x00007fff0c510000 - 0x00007fff0c519000 	C:\Program Files\Java\jdk-24\bin\extnet.dll
0x00007fff0c320000 - 0x00007fff0c32e000 	C:\Program Files\Java\jdk-24\bin\sunmscapi.dll
0x00007fff13b00000 - 0x00007fff13c5d000 	C:\Windows\System32\CRYPT32.dll
0x00007fff13440000 - 0x00007fff13467000 	C:\Windows\SYSTEM32\ncrypt.dll
0x00007fff13400000 - 0x00007fff1343b000 	C:\Windows\SYSTEM32\NTASN1.dll
0x00007fff13790000 - 0x00007fff137a8000 	C:\Windows\SYSTEM32\CRYPTSP.dll
0x00007fff12a80000 - 0x00007fff12ab8000 	C:\Windows\system32\rsaenh.dll
0x00007fff13970000 - 0x00007fff1399e000 	C:\Windows\SYSTEM32\USERENV.dll
0x00007fff13340000 - 0x00007fff1334c000 	C:\Windows\SYSTEM32\CRYPTBASE.dll
0x00007fff12e60000 - 0x00007fff12e9b000 	C:\Windows\SYSTEM32\IPHLPAPI.DLL
0x00007fff15ab0000 - 0x00007fff15ab8000 	C:\Windows\System32\NSI.dll
0x00007fff0c310000 - 0x00007fff0c31a000 	C:\Program Files\Java\jdk-24\bin\management.dll
0x00007fff0c2c0000 - 0x00007fff0c2cb000 	C:\Program Files\Java\jdk-24\bin\management_ext.dll
0x00007fff14990000 - 0x00007fff14998000 	C:\Windows\System32\PSAPI.DLL
0x00007fff0c2b0000 - 0x00007fff0c2c0000 	C:\Program Files\Java\jdk-24\bin\verify.dll

JVMTI agents:
C:\Program Files\JetBrains\IntelliJ IDEA Community Edition 2025.1.1.1\lib\idea_rt.jar path:C:\Program Files\Java\jdk-24\bin\instrument.dll, loaded, initialized, instrumentlib options:59461

dbghelp: loaded successfully - version: 4.0.5 - missing functions: none
symbol engine: initialized successfully - sym options: 0x614 - pdb path: .;C:\Program Files\Java\jdk-24\bin;C:\Windows\SYSTEM32;C:\Windows\WinSxS\amd64_microsoft.windows.common-controls_6595b64144ccf1df_6.0.19041.5915_none_60b4b9d171f9c7c7;C:\Program Files\Java\jdk-24\bin\server

VM Arguments:
jvm_args: -javaagent:C:\Program Files\JetBrains\IntelliJ IDEA Community Edition 2025.1.1.1\lib\idea_rt.jar=59461 -Dfile.encoding=UTF-8 -Dsun.stdout.encoding=UTF-8 -Dsun.stderr.encoding=UTF-8 
java_command: com.mostafa.api.ecommerce.ApiEcommerceApplication
java_class_path (initial): C:\Users\Darsh\Desktop\E-commerce\api\target\classes;C:\Users\Darsh\.m2\repository\org\springframework\boot\spring-boot-starter-data-jpa\3.5.3\spring-boot-starter-data-jpa-3.5.3.jar;C:\Users\Darsh\.m2\repository\org\springframework\boot\spring-boot-starter\3.5.3\spring-boot-starter-3.5.3.jar;C:\Users\Darsh\.m2\repository\org\springframework\boot\spring-boot\3.5.3\spring-boot-3.5.3.jar;C:\Users\Darsh\.m2\repository\org\springframework\boot\spring-boot-autoconfigure\3.5.3\spring-boot-autoconfigure-3.5.3.jar;C:\Users\Darsh\.m2\repository\org\springframework\boot\spring-boot-starter-logging\3.5.3\spring-boot-starter-logging-3.5.3.jar;C:\Users\Darsh\.m2\repository\ch\qos\logback\logback-classic\1.5.18\logback-classic-1.5.18.jar;C:\Users\Darsh\.m2\repository\ch\qos\logback\logback-core\1.5.18\logback-core-1.5.18.jar;C:\Users\Darsh\.m2\repository\org\apache\logging\log4j\log4j-to-slf4j\2.24.3\log4j-to-slf4j-2.24.3.jar;C:\Users\Darsh\.m2\repository\org\apache\logging\log4j\log4j-api\2.24.3\log4j-api-2.24.3.jar;C:\Users\Darsh\.m2\repository\org\slf4j\jul-to-slf4j\2.0.17\jul-to-slf4j-2.0.17.jar;C:\Users\Darsh\.m2\repository\jakarta\annotation\jakarta.annotation-api\2.1.1\jakarta.annotation-api-2.1.1.jar;C:\Users\Darsh\.m2\repository\org\yaml\snakeyaml\2.4\snakeyaml-2.4.jar;C:\Users\Darsh\.m2\repository\org\springframework\boot\spring-boot-starter-jdbc\3.5.3\spring-boot-starter-jdbc-3.5.3.jar;C:\Users\Darsh\.m2\repository\com\zaxxer\HikariCP\6.3.0\HikariCP-6.3.0.jar;C:\Users\Darsh\.m2\repository\org\springframework\spring-jdbc\6.2.8\spring-jdbc-6.2.8.jar;C:\Users\Darsh\.m2\repository\org\hibernate\orm\hibernate-core\6.6.18.Final\hibernate-core-6.6.18.Final.jar;C:\Users\Darsh\.m2\repository\jakarta\persistence\jakarta.persistence-api\3.1.0\jakarta.persistence-api-3.1.0.jar;C:\Users\Darsh\.m2\repository\jakarta\transaction\jakarta.transaction-api\2.0.1\jakarta.transaction-api-2.0.1.jar;C:\Users\Darsh\.m2\repository\org\jboss\logging\jboss-logging\3.6.1.Final\jboss-logging-3.6.1.Final.jar;C:\Users\Darsh\.m2\repository\org\hibernate\common\hibernate-commons-annotations\7.0.3.Final\hibernate-commons-annotations-7.0.3.Final.jar;C:\Users\Darsh\.m2\repository\io\smallrye\jandex\3.2.0\jandex-3.2.0.jar;C:\Users\Darsh\.m2\repository\com\fasterxml\classmate\1.7.0\classmate-1.7.0.jar;C:\Users\Darsh\.m2\repository\net\bytebuddy\byte-buddy\1.17.6\byte-buddy-1.17.6.jar;C:\Users\Darsh\.m2\repository\org\glassfish\jaxb\jaxb-runtime\4.0.5\jaxb-runtime-4.0.5.jar;C:\Users\Darsh\.m2\repository\org\glassfish\jaxb\jaxb-core\4.0.5\jaxb-core-4.0.5.jar;C:\Users\Darsh\.m2\repository\org\eclipse\angus\angus-activation\2.0.2\angus-activation-2.0.2.jar;C:\Users\Darsh\.m2\repository\org\glassfish\jaxb\txw2\4.0.5\txw2-4.0.5.jar;C:\Users\Darsh\.m2\repository\com\sun\istack\istack-commons-runtime\4.1.2\istack-commons-runtime-4.1.2.jar;C:\Users\Darsh\.m2\repository\jakarta\inject\jakarta.inject-api\2.0.1\jakarta.inject-api-2.0.1.jar;C:\Users\Darsh\.m2\repository\org\antlr\antlr4-runtime\4.13.0\antlr4-runtime-4.13.0.jar;C:\Users\Darsh\.m2\repository\org\springframework\data\spring-data-jpa\3.5.1\spring-data-jpa-3.5.1.jar;C:\Users\Darsh\.m2\repository\org\springframework\data\spring-data-commons\3.5.1\spring-data-commons-3.5.1.jar;C:\Users\Darsh\.m2\repository\org\springframework\spring-orm\6.2.8\spring-orm-6.2.8.jar;C:\Users\Darsh\.m2\repository\org\springframework\spring-context\6.2.8\spring-context-6.2.8.jar;C:\Users\Darsh\.m2\repository\org\springframework\spring-tx\6.2.8\spring-tx-6.2.8.jar;C:\Users\Darsh\.m2\repository\org\springframework\spring-beans\6.2.8\spring-beans-6.2.8.jar;C:\Users\Darsh\.m2\repository\org\slf4j\slf4j-api\2.0.17\slf4j-api-2.0.17.jar;C:\Users\Darsh\.m2\repository\org\springframework\spring-aspects\6.2.8\spring-aspects-6.2.8.jar;C:\Users\Darsh\.m2\repository\org\aspectj\aspectjweaver\1.9.24\aspectjweaver-1.9.24.jar;C:\Users\Darsh\.m2\repository\org\springframework\boot\spring-boot-starter-validation\3.5.3\spring-boot-starter-validation-3.5.3.jar;C:\Users\Darsh\.m2\repository\org\apache\tomcat\embed\tomcat-embed-el\10.1.42\tomcat-embed-el-10.1.42.jar;C:\Users\Darsh\.m2\repository\org\hibernate\validator\hibernate-validator\8.0.2.Final\hibernate-validator-8.0.2.Final.jar;C:\Users\Darsh\.m2\repository\jakarta\validation\jakarta.validation-api\3.0.2\jakarta.validation-api-3.0.2.jar;C:\Users\Darsh\.m2\repository\org\springframework\boot\spring-boot-starter-web\3.5.3\spring-boot-starter-web-3.5.3.jar;C:\Users\Darsh\.m2\repository\org\springframework\boot\spring-boot-starter-json\3.5.3\spring-boot-starter-json-3.5.3.jar;C:\Users\Darsh\.m2\repository\com\fasterxml\jackson\datatype\jackson-datatype-jdk8\2.19.1\jackson-datatype-jdk8-2.19.1.jar;C:\Users\Darsh\.m2\repository\com\fasterxml\jackson\datatype\jackson-datatype-jsr310\2.19.1\jackson-datatype-jsr310-2.19.1.jar;C:\Users\Darsh\.m2\repository\com\fasterxml\jackson\module\jackson-module-parameter-names\2.19.1\jackson-module-parameter-names-2.19.1.jar;C:\Users\Darsh\.m2\repository\org\springframework\boot\spring-boot-starter-tomcat\3.5.3\spring-boot-starter-tomcat-3.5.3.jar;C:\Users\Darsh\.m2\repository\org\apache\tomcat\embed\tomcat-embed-core\10.1.42\tomcat-embed-core-10.1.42.jar;C:\Users\Darsh\.m2\repository\org\apache\tomcat\embed\tomcat-embed-websocket\10.1.42\tomcat-embed-websocket-10.1.42.jar;C:\Users\Darsh\.m2\repository\org\springframework\spring-web\6.2.8\spring-web-6.2.8.jar;C:\Users\Darsh\.m2\repository\io\micrometer\micrometer-observation\1.15.1\micrometer-observation-1.15.1.jar;C:\Users\Darsh\.m2\repository\io\micrometer\micrometer-commons\1.15.1\micrometer-commons-1.15.1.jar;C:\Users\Darsh\.m2\repository\org\springframework\spring-webmvc\6.2.8\spring-webmvc-6.2.8.jar;C:\Users\Darsh\.m2\repository\org\springframework\spring-expression\6.2.8\spring-expression-6.2.8.jar;C:\Users\Darsh\.m2\repository\org\postgresql\postgresql\42.7.7\postgresql-42.7.7.jar;C:\Users\Darsh\.m2\repository\org\checkerframework\checker-qual\3.49.3\checker-qual-3.49.3.jar;C:\Users\Darsh\.m2\repository\org\projectlombok\lombok\1.18.38\lombok-1.18.38.jar;C:\Users\Darsh\.m2\repository\jakarta\xml\bind\jakarta.xml.bind-api\4.0.2\jakarta.xml.bind-api-4.0.2.jar;C:\Users\Darsh\.m2\repository\jakarta\activation\jakarta.activation-api\2.1.3\jakarta.activation-api-2.1.3.jar;C:\Users\Darsh\.m2\repository\org\springframework\spring-core\6.2.8\spring-core-6.2.8.jar;C:\Users\Darsh\.m2\repository\org\springframework\spring-jcl\6.2.8\spring-jcl-6.2.8.jar;C:\Users\Darsh\.m2\repository\org\springframework\security\spring-security-core\6.5.1\spring-security-core-6.5.1.jar;C:\Users\Darsh\.m2\repository\org\springframework\security\spring-security-crypto\6.5.1\spring-security-crypto-6.5.1.jar;C:\Users\Darsh\.m2\repository\org\springframework\security\spring-security-web\6.5.1\spring-security-web-6.5.1.jar;C:\Users\Darsh\.m2\repository\org\springframework\boot\spring-boot-starter-security\3.5.3\spring-boot-starter-security-3.5.3.jar;C:\Users\Darsh\.m2\repository\org\springframework\spring-aop\6.2.8\spring-aop-6.2.8.jar;C:\Users\Darsh\.m2\repository\org\springframework\security\spring-security-config\6.5.1\spring-security-config-6.5.1.jar;C:\Users\Darsh\.m2\repository\io\jsonwebtoken\jjwt-api\0.12.6\jjwt-api-0.12.6.jar;C:\Users\Darsh\.m2\repository\io\jsonwebtoken\jjwt-impl\0.12.6\jjwt-impl-0.12.6.jar;C:\Users\Darsh\.m2\repository\io\jsonwebtoken\jjwt-jackson\0.12.6\jjwt-jackson-0.12.6.jar;C:\Users\Darsh\.m2\repository\com\fasterxml\jackson\core\jackson-databind\2.19.1\jackson-databind-2.19.1.jar;C:\Users\Darsh\.m2\repository\com\fasterxml\jackson\core\jackson-annotations\2.19.1\jackson-annotations-2.19.1.jar;C:\Users\Darsh\.m2\repository\com\fasterxml\jackson\core\jackson-core\2.19.1\jackson-core-2.19.1.jar;C:\Users\Darsh\.m2\repository\org\springdoc\springdoc-openapi-starter-webmvc-ui\2.7.0\springdoc-openapi-starter-webmvc-ui-2.7.0.jar;C:\Users\Darsh\.m2\repository\org\springdoc\springdoc-openapi-starter-webmvc-api\2.7.0\springdoc-openapi-starter-webmvc-api-2.7.0.jar;C:\Users\Darsh\.m2\repository\org\springdoc\springdoc-openapi-starter-common\2.7.0\springdoc-openapi-starter-common-2.7.0.jar;C:\Users\Darsh\.m2\repository\io\swagger\core\v3\swagger-core-jakarta\2.2.25\swagger-core-jakarta-2.2.25.jar;C:\Users\Darsh\.m2\repository\org\apache\commons\commons-lang3\3.17.0\commons-lang3-3.17.0.jar;C:\Users\Darsh\.m2\repository\io\swagger\core\v3\swagger-annotations-jakarta\2.2.25\swagger-annotations-jakarta-2.2.25.jar;C:\Users\Darsh\.m2\repository\io\swagger\core\v3\swagger-models-jakarta\2.2.25\swagger-models-jakarta-2.2.25.jar;C:\Users\Darsh\.m2\repository\com\fasterxml\jackson\dataformat\jackson-dataformat-yaml\2.19.1\jackson-dataformat-yaml-2.19.1.jar;C:\Users\Darsh\.m2\repository\org\webjars\swagger-ui\5.18.2\swagger-ui-5.18.2.jar;C:\Users\Darsh\.m2\repository\org\webjars\webjars-locator-lite\1.1.0\webjars-locator-lite-1.1.0.jar;C:\Users\Darsh\.m2\repository\org\jspecify\jspecify\1.0.0\jspecify-1.0.0.jar
Launcher Type: SUN_STANDARD

[Global flags]
     intx CICompilerCount                          = 4                                         {product} {ergonomic}
     uint ConcGCThreads                            = 2                                         {product} {ergonomic}
     uint G1ConcRefinementThreads                  = 8                                         {product} {ergonomic}
   size_t G1HeapRegionSize                         = 2097152                                   {product} {ergonomic}
   size_t InitialHeapSize                          = 266338304                                 {product} {ergonomic}
   size_t MarkStackSize                            = 4194304                                   {product} {ergonomic}
   size_t MarkStackSizeMax                         = 536870912                                 {product} {ergonomic}
   size_t MaxHeapSize                              = 4255121408                                {product} {ergonomic}
   size_t MaxNewSize                               = 2552233984                                {product} {ergonomic}
   size_t MinHeapDeltaBytes                        = 2097152                                   {product} {ergonomic}
   size_t MinHeapSize                              = 8388608                                   {product} {ergonomic}
    uintx NonNMethodCodeHeapSize                   = 5832704                                {pd product} {ergonomic}
    uintx NonProfiledCodeHeapSize                  = 122945536                              {pd product} {ergonomic}
    uintx ProfiledCodeHeapSize                     = 122880000                              {pd product} {ergonomic}
    uintx ReservedCodeCacheSize                    = 251658240                              {pd product} {ergonomic}
     bool SegmentedCodeCache                       = true                                      {product} {ergonomic}
   size_t SoftMaxHeapSize                          = 4255121408                             {manageable} {ergonomic}
     bool UseCompressedOops                        = true                           {product lp64_product} {ergonomic}
     bool UseG1GC                                  = true                                      {product} {ergonomic}
     bool UseLargePagesIndividualAllocation        = false                                  {pd product} {ergonomic}

Logging:
Log output configuration:
 #0: stdout all=warning uptime,level,tags foldmultilines=false
 #1: stderr all=off uptime,level,tags foldmultilines=false

Environment Variables:
PATH=C:\Program Files\Common Files\Oracle\Java\javapath;C:\Windows\system32;C:\Windows;C:\Windows\System32\Wbem;C:\Windows\System32\WindowsPowerShell\v1.0\;C:\Windows\System32\OpenSSH\;C:\Users\Darsh\AppData\Roaming\nvm;C:\Program Files\nodejs;C:\Program Files\Git\cmd;C:\Users\Darsh\AppData\Local\Android\Sdk\emulator;C:\Program Files\MongoDB\Server\7.0\bin;C:\Program Files\dotnet\;C:\Users\Darsh\AppData\Local\Microsoft\WindowsApps;C:\Users\Darsh\AppData\Roaming\npm;C:\Users\Darsh\AppData\Roaming\nvm;C:\Program Files\nodejs;C:\Users\Darsh\AppData\Local\Programs\Microsoft VS Code\bin
USERNAME=Darsh
OS=Windows_NT
PROCESSOR_IDENTIFIER=Intel64 Family 6 Model 158 Stepping 10, GenuineIntel
TMP=C:\Users\Darsh\AppData\Local\Temp
TEMP=C:\Users\Darsh\AppData\Local\Temp




Periodic native trim disabled

---------------  S Y S T E M  ---------------

OS:
 Windows 10 , 64 bit Build 19041 (10.0.19041.5915)
OS uptime: 3 days 4:33 hours
Hyper-V role detected

CPU: total 8 (initial active 8) (4 cores per cpu, 2 threads per core) family 6 model 158 stepping 10 microcode 0xde, cx8, cmov, fxsr, ht, mmx, 3dnowpref, sse, sse2, sse3, ssse3, sse4.1, sse4.2, popcnt, lzcnt, tsc, tscinvbit, avx, avx2, aes, erms, clmul, bmi1, bmi2, adx, fma, vzeroupper, clflush, clflushopt, hv, rdtscp, f16c
Processor Information for the first 8 processors :
  Max Mhz: 2400, Current Mhz: 2400, Mhz Limit: 2400

Memory: 4k page, system-wide physical 16225M (3764M free)
TotalPageFile size 18273M (AvailPageFile size 6M)
current process WorkingSet (physical memory assigned to process): 264M, peak: 268M
current process commit charge ("private bytes"): 308M, peak: 392M

vm_info: Java HotSpot(TM) 64-Bit Server VM (24.0.1+9-30) for windows-amd64 JRE (24.0.1+9-30), built on 2025-03-05T07:23:45Z with MS VC++ 17.6 (VS2022)

END.
