#
# There is insufficient memory for the Java Runtime Environment to continue.
# Native memory allocation (malloc) failed to allocate 227152 bytes. Error detail: Chunk::new
# Possible reasons:
#   The system is out of physical RAM or swap space
#   This process is running with CompressedOops enabled, and the Java Heap may be blocking the growth of the native heap
# Possible solutions:
#   Reduce memory load on the system
#   Increase physical memory or swap space
#   Check if swap backing store is full
#   Decrease Java heap size (-Xmx/-Xms)
#   Decrease number of Java threads
#   Decrease Java thread stack sizes (-Xss)
#   Set larger code cache with -XX:ReservedCodeCacheSize=
#   JVM is running with Zero Based Compressed Oops mode in which the Java heap is
#     placed in the first 32GB address space. The Java Heap base address is the
#     maximum limit for the native heap growth. Please use -XX:HeapBaseMinAddress
#     to set the Java Heap base and to place the Java Heap above 32GB virtual address.
# This output file may be truncated or incomplete.
#
#  Out of Memory Error (arena.cpp:162), pid=4488, tid=3496
#
# JRE version: Java(TM) SE Runtime Environment (24.0.1+9) (build 24.0.1+9-30)
# Java VM: Java HotSpot(TM) 64-Bit Server VM (24.0.1+9-30, mixed mode, sharing, tiered, compressed oops, compressed class ptrs, g1 gc, windows-amd64)
# No core dump will be written. Minidumps are not enabled by default on client versions of Windows
#

---------------  S U M M A R Y ------------

Command Line: -javaagent:C:\Program Files\JetBrains\IntelliJ IDEA Community Edition 2025.1.1.1\lib\idea_rt.jar=55885 -Dfile.encoding=UTF-8 -Dsun.stdout.encoding=UTF-8 -Dsun.stderr.encoding=UTF-8 com.mostafa.api.ecommerce.ApiEcommerceApplication

Host: Intel(R) Core(TM) i5-9300H CPU @ 2.40GHz, 8 cores, 15G,  Windows 10 , 64 bit Build 19041 (10.0.19041.5915)
Time: Tue Aug  5 15:35:05 2025 Egypt Daylight Time elapsed time: 3404.815864 seconds (0d 0h 56m 44s)

---------------  T H R E A D  ---------------

Current thread (0x000001c77f3269b0):  JavaThread "C2 CompilerThread0" daemon [_thread_in_native, id=3496, stack(0x000000124df00000,0x000000124e000000) (1024K)]


Current CompileTask:
C2:3404815 11788       4       java.util.concurrent.locks.AbstractQueuedSynchronizer$ConditionObject::doSignal (62 bytes)

Stack: [0x000000124df00000,0x000000124e000000]
Native frames: (J=compiled Java code, j=interpreted, Vv=VM code, C=native code)
V  [jvm.dll+0x730739]  (no source info available)
V  [jvm.dll+0x8d9b23]  (no source info available)
V  [jvm.dll+0x8dc00d]  (no source info available)
V  [jvm.dll+0x8dc683]  (no source info available)
V  [jvm.dll+0x2aa086]  (no source info available)
V  [jvm.dll+0xcedef]  (no source info available)
V  [jvm.dll+0xcf04f]  (no source info available)
V  [jvm.dll+0x154d83]  (no source info available)
V  [jvm.dll+0x735f5f]  (no source info available)
V  [jvm.dll+0x26fa1c]  (no source info available)
V  [jvm.dll+0x26ea3f]  (no source info available)
V  [jvm.dll+0x1e9d60]  (no source info available)
V  [jvm.dll+0x27e1fb]  (no source info available)
V  [jvm.dll+0x27c49a]  (no source info available)
V  [jvm.dll+0x42f456]  (no source info available)
V  [jvm.dll+0x87d76b]  (no source info available)
V  [jvm.dll+0x72ee55]  (no source info available)
C  [ucrtbase.dll+0x21bb2]  (no source info available)
C  [KERNEL32.DLL+0x17374]  (no source info available)
C  [ntdll.dll+0x4cc91]  (no source info available)

Lock stack of current Java thread (top to bottom):


---------------  P R O C E S S  ---------------

Threads class SMR info:
_java_thread_list=0x000001c7684e9ae0, length=29, elements={
0x000001c77f31b8b0, 0x000001c77f31e110, 0x000001c77f31f9a0, 0x000001c77f3224e0,
0x000001c77f323010, 0x000001c77f323b40, 0x000001c77f3269b0, 0x000001c77f34e9f0,
0x000001c71d95cb10, 0x000001c76302f540, 0x000001c71db55540, 0x000001c7660bcbd0,
0x000001c7660bf060, 0x000001c7660bda70, 0x000001c7660bd320, 0x000001c7660be910,
0x000001c76833d360, 0x000001c76833bd70, 0x000001c76833c4c0, 0x000001c76833e200,
0x000001c766b057a0, 0x000001c766b04900, 0x000001c766b05050, 0x000001c766b05ef0,
0x000001c766b06d90, 0x000001c766b03310, 0x000001c766b03a60, 0x000001c766b01d20,
0x000001c766b074e0
}

Java Threads: ( => current thread )
  0x000001c77f31b8b0 JavaThread "Reference Handler"          daemon [_thread_blocked, id=10952, stack(0x000000124d900000,0x000000124da00000) (1024K)]
  0x000001c77f31e110 JavaThread "Finalizer"                  daemon [_thread_blocked, id=8208, stack(0x000000124da00000,0x000000124db00000) (1024K)]
  0x000001c77f31f9a0 JavaThread "Signal Dispatcher"          daemon [_thread_blocked, id=1864, stack(0x000000124db00000,0x000000124dc00000) (1024K)]
  0x000001c77f3224e0 JavaThread "Attach Listener"            daemon [_thread_blocked, id=7744, stack(0x000000124dc00000,0x000000124dd00000) (1024K)]
  0x000001c77f323010 JavaThread "Service Thread"             daemon [_thread_blocked, id=6344, stack(0x000000124dd00000,0x000000124de00000) (1024K)]
  0x000001c77f323b40 JavaThread "Monitor Deflation Thread"   daemon [_thread_blocked, id=536, stack(0x000000124de00000,0x000000124df00000) (1024K)]
=>0x000001c77f3269b0 JavaThread "C2 CompilerThread0"         daemon [_thread_in_native, id=3496, stack(0x000000124df00000,0x000000124e000000) (1024K)]
  0x000001c77f34e9f0 JavaThread "C1 CompilerThread0"         daemon [_thread_blocked, id=7440, stack(0x000000124e000000,0x000000124e100000) (1024K)]
  0x000001c71d95cb10 JavaThread "Common-Cleaner"             daemon [_thread_blocked, id=3992, stack(0x000000124e200000,0x000000124e300000) (1024K)]
  0x000001c76302f540 JavaThread "Monitor Ctrl-Break"         daemon [_thread_in_native, id=16712, stack(0x000000124e300000,0x000000124e400000) (1024K)]
  0x000001c71db55540 JavaThread "Notification Thread"        daemon [_thread_blocked, id=17880, stack(0x000000124e400000,0x000000124e500000) (1024K)]
  0x000001c7660bcbd0 JavaThread "PostgreSQL-JDBC-Cleaner"    daemon [_thread_blocked, id=14648, stack(0x000000124ef00000,0x000000124f000000) (1024K)]
  0x000001c7660bf060 JavaThread "HikariPool-1:housekeeper"   daemon [_thread_blocked, id=18228, stack(0x000000124f000000,0x000000124f100000) (1024K)]
  0x000001c7660bda70 JavaThread "Catalina-utility-1"                [_thread_blocked, id=5388, stack(0x000000124f200000,0x000000124f300000) (1024K)]
  0x000001c7660bd320 JavaThread "Catalina-utility-2"                [_thread_blocked, id=16524, stack(0x000000124f300000,0x000000124f400000) (1024K)]
  0x000001c7660be910 JavaThread "container-0"                       [_thread_blocked, id=7396, stack(0x000000124f400000,0x000000124f500000) (1024K)]
  0x000001c76833d360 JavaThread "http-nio-8080-exec-1"       daemon [_thread_blocked, id=18084, stack(0x000000124f100000,0x000000124f200000) (1024K)]
  0x000001c76833bd70 JavaThread "http-nio-8080-exec-2"       daemon [_thread_blocked, id=11952, stack(0x000000124f500000,0x000000124f600000) (1024K)]
  0x000001c76833c4c0 JavaThread "http-nio-8080-exec-3"       daemon [_thread_blocked, id=3480, stack(0x000000124f600000,0x000000124f700000) (1024K)]
  0x000001c76833e200 JavaThread "http-nio-8080-exec-4"       daemon [_thread_blocked, id=17304, stack(0x000000124f700000,0x000000124f800000) (1024K)]
  0x000001c766b057a0 JavaThread "http-nio-8080-exec-5"       daemon [_thread_blocked, id=5784, stack(0x000000124f800000,0x000000124f900000) (1024K)]
  0x000001c766b04900 JavaThread "http-nio-8080-exec-6"       daemon [_thread_blocked, id=8104, stack(0x000000124f900000,0x000000124fa00000) (1024K)]
  0x000001c766b05050 JavaThread "http-nio-8080-exec-7"       daemon [_thread_blocked, id=8884, stack(0x000000124fa00000,0x000000124fb00000) (1024K)]
  0x000001c766b05ef0 JavaThread "http-nio-8080-exec-8"       daemon [_thread_blocked, id=15952, stack(0x000000124fb00000,0x000000124fc00000) (1024K)]
  0x000001c766b06d90 JavaThread "http-nio-8080-exec-9"       daemon [_thread_blocked, id=14616, stack(0x000000124fc00000,0x000000124fd00000) (1024K)]
  0x000001c766b03310 JavaThread "http-nio-8080-exec-10"      daemon [_thread_blocked, id=13600, stack(0x000000124fd00000,0x000000124fe00000) (1024K)]
  0x000001c766b03a60 JavaThread "http-nio-8080-Poller"       daemon [_thread_in_native, id=11176, stack(0x000000124fe00000,0x000000124ff00000) (1024K)]
  0x000001c766b01d20 JavaThread "http-nio-8080-Acceptor"     daemon [_thread_in_native, id=3184, stack(0x000000124ff00000,0x0000001250000000) (1024K)]
  0x000001c766b074e0 JavaThread "DestroyJavaVM"                     [_thread_blocked, id=12868, stack(0x000000124d100000,0x000000124d200000) (1024K)]
Total: 29

Other Threads:
  0x000001c77f1d6d50 VMThread "VM Thread"                           [id=8680, stack(0x000000124d800000,0x000000124d900000) (1024K)]
  0x000001c77f2fba40 WatcherThread "VM Periodic Task Thread"        [id=9140, stack(0x000000124d700000,0x000000124d800000) (1024K)]
  0x000001c77d3d6060 WorkerThread "GC Thread#0"                     [id=12872, stack(0x000000124d200000,0x000000124d300000) (1024K)]
  0x000001c77f1d6240 WorkerThread "GC Thread#1"                     [id=3284, stack(0x000000124e600000,0x000000124e700000) (1024K)]
  0x000001c77f1d65f0 WorkerThread "GC Thread#2"                     [id=12160, stack(0x000000124e700000,0x000000124e800000) (1024K)]
  0x000001c763f15500 WorkerThread "GC Thread#3"                     [id=6172, stack(0x000000124e800000,0x000000124e900000) (1024K)]
  0x000001c763f12c70 WorkerThread "GC Thread#4"                     [id=3352, stack(0x000000124e900000,0x000000124ea00000) (1024K)]
  0x000001c763f14da0 WorkerThread "GC Thread#5"                     [id=17556, stack(0x000000124ea00000,0x000000124eb00000) (1024K)]
  0x000001c763f12160 WorkerThread "GC Thread#6"                     [id=8740, stack(0x000000124ec00000,0x000000124ed00000) (1024K)]
  0x000001c763f13020 WorkerThread "GC Thread#7"                     [id=15548, stack(0x000000124ed00000,0x000000124ee00000) (1024K)]
  0x000001c77d3eada0 ConcurrentGCThread "G1 Main Marker"            [id=13564, stack(0x000000124d300000,0x000000124d400000) (1024K)]
  0x000001c77d3ec050 WorkerThread "G1 Conc#0"                       [id=8828, stack(0x000000124d400000,0x000000124d500000) (1024K)]
  0x000001c763f12510 WorkerThread "G1 Conc#1"                       [id=7752, stack(0x000000124ee00000,0x000000124ef00000) (1024K)]
  0x000001c77d42eb70 ConcurrentGCThread "G1 Refine#0"               [id=1420, stack(0x000000124d500000,0x000000124d600000) (1024K)]
  0x000001c77f1ba900 ConcurrentGCThread "G1 Service"                [id=10176, stack(0x000000124d600000,0x000000124d700000) (1024K)]
Total: 15

Threads with active compile tasks:
C2 CompilerThread0  3404874 11788       4       java.util.concurrent.locks.AbstractQueuedSynchronizer$ConditionObject::doSignal (62 bytes)
Total: 1

VM state: not at safepoint (normal execution)

VM Mutex/Monitor currently owned by a thread: None

Heap address: 0x0000000702600000, size: 4058 MB, Compressed Oops mode: Zero based, Oop shift amount: 3

CDS archive(s) mapped at: [0x000001c71e000000-0x000001c71ed40000-0x000001c71ed40000), size 13893632, SharedBaseAddress: 0x000001c71e000000, ArchiveRelocationMode: 1.
Compressed class space mapped at: 0x000001c71f000000-0x000001c75f000000, reserved size: 1073741824
UseCompressedClassPointers 1, UseCompactObjectHeaders 0
Narrow klass pointer bits 32, Max shift 3
Narrow klass base: 0x000001c71e000000, Narrow klass shift: 0
Encoding Range: [0x000001c71e000000 - 0x000001c81e000000), (4294967296 bytes)
Klass Range:    [0x000001c71e000000 - 0x000001c75f000000), (1090519040 bytes)
Klass ID Range:  [8 - 1090519033) (1090519025)

GC Precious Log:
 CardTable entry size: 512
 Card Set container configuration: InlinePtr #cards 4 size 8 Array Of Cards #cards 16 size 48 Howl #buckets 8 coarsen threshold 3686 Howl Bitmap #cards 512 size 80 coarsen threshold 460 Card regions per heap region 1 cards per card region 4096
 CPUs: 8 total, 8 available
 Memory: 16225M
 Large Page Support: Disabled
 NUMA Support: Disabled
 Compressed Oops: Enabled (Zero based)
 Heap Region Size: 2M
 Heap Min Capacity: 8M
 Heap Initial Capacity: 254M
 Heap Max Capacity: 4058M
 Pre-touch: Disabled
 Parallel Workers: 8
 Concurrent Workers: 2
 Concurrent Refinement Workers: 8
 Periodic GC: Disabled

Heap:
 garbage-first heap   total reserved 4155392K, committed 94208K, used 55520K [0x0000000702600000, 0x0000000800000000)
  region size 2048K, 9 young (18432K), 3 survivors (6144K)
 Metaspace       used 89763K, committed 90496K, reserved 1179648K
  class space    used 9985K, committed 10304K, reserved 1048576K

Heap Regions: E=young(eden), S=young(survivor), O=old, HS=humongous(starts), HC=humongous(continues), CS=collection set, F=free, TAMS=top-at-mark-start, PB=parsable bottom
|   0|0x0000000702600000, 0x0000000702800000, 0x0000000702800000|100%| O|  |TAMS 0x0000000702600000| PB 0x0000000702600000| Untracked |  0
|   1|0x0000000702800000, 0x0000000702a00000, 0x0000000702a00000|100%| O|  |TAMS 0x0000000702800000| PB 0x0000000702800000| Untracked |  0
|   2|0x0000000702a00000, 0x0000000702c00000, 0x0000000702c00000|100%| O|  |TAMS 0x0000000702a00000| PB 0x0000000702a00000| Untracked |  0
|   3|0x0000000702c00000, 0x0000000702e00000, 0x0000000702e00000|100%| O|  |TAMS 0x0000000702c00000| PB 0x0000000702c00000| Untracked |  0
|   4|0x0000000702e00000, 0x0000000703000000, 0x0000000703000000|100%| O|  |TAMS 0x0000000702e00000| PB 0x0000000702e00000| Untracked |  0
|   5|0x0000000703000000, 0x0000000703200000, 0x0000000703200000|100%| O|  |TAMS 0x0000000703000000| PB 0x0000000703000000| Untracked |  0
|   6|0x0000000703200000, 0x0000000703400000, 0x0000000703400000|100%| O|  |TAMS 0x0000000703200000| PB 0x0000000703200000| Untracked |  0
|   7|0x0000000703400000, 0x0000000703600000, 0x0000000703600000|100%| O|  |TAMS 0x0000000703400000| PB 0x0000000703400000| Untracked |  0
|   8|0x0000000703600000, 0x0000000703800000, 0x0000000703800000|100%| O|  |TAMS 0x0000000703600000| PB 0x0000000703600000| Untracked |  0
|   9|0x0000000703800000, 0x0000000703a00000, 0x0000000703a00000|100%| O|  |TAMS 0x0000000703800000| PB 0x0000000703800000| Untracked |  0
|  10|0x0000000703a00000, 0x0000000703c00000, 0x0000000703c00000|100%| O|  |TAMS 0x0000000703a00000| PB 0x0000000703a00000| Untracked |  0
|  11|0x0000000703c00000, 0x0000000703c00000, 0x0000000703e00000|  0%| F|  |TAMS 0x0000000703c00000| PB 0x0000000703c00000| Untracked |  0
|  12|0x0000000703e00000, 0x0000000704000000, 0x0000000704000000|100%| O|  |TAMS 0x0000000703e00000| PB 0x0000000703e00000| Untracked |  0
|  13|0x0000000704000000, 0x0000000704200000, 0x0000000704200000|100%| O|  |TAMS 0x0000000704000000| PB 0x0000000704000000| Untracked |  0
|  14|0x0000000704200000, 0x0000000704400000, 0x0000000704400000|100%| O|  |TAMS 0x0000000704200000| PB 0x0000000704200000| Untracked |  0
|  15|0x0000000704400000, 0x0000000704600000, 0x0000000704600000|100%| O|  |TAMS 0x0000000704400000| PB 0x0000000704400000| Untracked |  0
|  16|0x0000000704600000, 0x00000007046f9ff0, 0x0000000704800000| 48%| O|  |TAMS 0x0000000704600000| PB 0x0000000704600000| Untracked |  0
|  17|0x0000000704800000, 0x0000000704800000, 0x0000000704a00000|  0%| F|  |TAMS 0x0000000704800000| PB 0x0000000704800000| Untracked |  0
|  18|0x0000000704a00000, 0x0000000704b3e390, 0x0000000704c00000| 62%| S|CS|TAMS 0x0000000704a00000| PB 0x0000000704a00000| Complete |  0
|  19|0x0000000704c00000, 0x0000000704e00000, 0x0000000704e00000|100%| S|CS|TAMS 0x0000000704c00000| PB 0x0000000704c00000| Complete |  0
|  20|0x0000000704e00000, 0x0000000705000000, 0x0000000705000000|100%| S|CS|TAMS 0x0000000704e00000| PB 0x0000000704e00000| Complete |  0
|  21|0x0000000705000000, 0x0000000705000000, 0x0000000705200000|  0%| F|  |TAMS 0x0000000705000000| PB 0x0000000705000000| Untracked |  0
|  22|0x0000000705200000, 0x0000000705200000, 0x0000000705400000|  0%| F|  |TAMS 0x0000000705200000| PB 0x0000000705200000| Untracked |  0
|  23|0x0000000705400000, 0x0000000705400000, 0x0000000705600000|  0%| F|  |TAMS 0x0000000705400000| PB 0x0000000705400000| Untracked |  0
|  24|0x0000000705600000, 0x0000000705600000, 0x0000000705800000|  0%| F|  |TAMS 0x0000000705600000| PB 0x0000000705600000| Untracked |  0
|  25|0x0000000705800000, 0x0000000705800000, 0x0000000705a00000|  0%| F|  |TAMS 0x0000000705800000| PB 0x0000000705800000| Untracked |  0
|  26|0x0000000705a00000, 0x0000000705a00000, 0x0000000705c00000|  0%| F|  |TAMS 0x0000000705a00000| PB 0x0000000705a00000| Untracked |  0
|  27|0x0000000705c00000, 0x0000000705c00000, 0x0000000705e00000|  0%| F|  |TAMS 0x0000000705c00000| PB 0x0000000705c00000| Untracked |  0
|  28|0x0000000705e00000, 0x0000000705e00000, 0x0000000706000000|  0%| F|  |TAMS 0x0000000705e00000| PB 0x0000000705e00000| Untracked |  0
|  29|0x0000000706000000, 0x0000000706000000, 0x0000000706200000|  0%| F|  |TAMS 0x0000000706000000| PB 0x0000000706000000| Untracked |  0
|  30|0x0000000706200000, 0x0000000706200000, 0x0000000706400000|  0%| F|  |TAMS 0x0000000706200000| PB 0x0000000706200000| Untracked |  0
|  31|0x0000000706400000, 0x0000000706400000, 0x0000000706600000|  0%| F|  |TAMS 0x0000000706400000| PB 0x0000000706400000| Untracked |  0
|  32|0x0000000706600000, 0x0000000706600000, 0x0000000706800000|  0%| F|  |TAMS 0x0000000706600000| PB 0x0000000706600000| Untracked |  0
|  33|0x0000000706800000, 0x0000000706800000, 0x0000000706a00000|  0%| F|  |TAMS 0x0000000706800000| PB 0x0000000706800000| Untracked |  0
|  98|0x000000070ea00000, 0x000000070ea00000, 0x000000070ec00000|  0%| F|  |TAMS 0x000000070ea00000| PB 0x000000070ea00000| Untracked |  0
|  99|0x000000070ec00000, 0x000000070ec00000, 0x000000070ee00000|  0%| F|  |TAMS 0x000000070ec00000| PB 0x000000070ec00000| Untracked |  0
| 103|0x000000070f400000, 0x000000070f513128, 0x000000070f600000| 53%| E|  |TAMS 0x000000070f400000| PB 0x000000070f400000| Complete |  0
| 104|0x000000070f600000, 0x000000070f800000, 0x000000070f800000|100%| E|CS|TAMS 0x000000070f600000| PB 0x000000070f600000| Complete |  0
| 105|0x000000070f800000, 0x000000070fa00000, 0x000000070fa00000|100%| E|CS|TAMS 0x000000070f800000| PB 0x000000070f800000| Complete |  0
| 106|0x000000070fa00000, 0x000000070fc00000, 0x000000070fc00000|100%| E|CS|TAMS 0x000000070fa00000| PB 0x000000070fa00000| Complete |  0
| 126|0x0000000712200000, 0x0000000712400000, 0x0000000712400000|100%| E|CS|TAMS 0x0000000712200000| PB 0x0000000712200000| Complete |  0
|2024|0x00000007ff600000, 0x00000007ff800000, 0x00000007ff800000|100%| O|  |TAMS 0x00000007ff600000| PB 0x00000007ff600000| Untracked |  0
|2025|0x00000007ff800000, 0x00000007ffa00000, 0x00000007ffa00000|100%| O|  |TAMS 0x00000007ff800000| PB 0x00000007ff800000| Untracked |  0
|2026|0x00000007ffa00000, 0x00000007ffc00000, 0x00000007ffc00000|100%| O|  |TAMS 0x00000007ffa00000| PB 0x00000007ffa00000| Untracked |  0
|2027|0x00000007ffc00000, 0x00000007ffe00000, 0x00000007ffe00000|100%| O|  |TAMS 0x00000007ffc00000| PB 0x00000007ffc00000| Untracked |  0
|2028|0x00000007ffe00000, 0x0000000800000000, 0x0000000800000000|100%| E|CS|TAMS 0x00000007ffe00000| PB 0x00000007ffe00000| Complete |  0

Card table byte_map: [0x000001c77e060000,0x000001c77e850000] _byte_map_base: 0x000001c77a84d000

Marking Bits: (CMBitMap*) 0x000001c77d3d6770
 Bits: [0x000001c7177e0000, 0x000001c71b748000)

Polling page: 0x000001c77cb40000

Metaspace:

Usage:
  Non-class:     77.91 MB used.
      Class:      9.75 MB used.
       Both:     87.66 MB used.

Virtual space:
  Non-class space:      128.00 MB reserved,      78.31 MB ( 61%) committed,  2 nodes.
      Class space:        1.00 GB reserved,      10.06 MB ( <1%) committed,  1 nodes.
             Both:        1.12 GB reserved,      88.38 MB (  8%) committed. 

Chunk freelists:
   Non-Class:  1.38 MB
       Class:  5.80 MB
        Both:  7.18 MB

MaxMetaspaceSize: unlimited
CompressedClassSpaceSize: 1.00 GB
Initial GC threshold: 21.00 MB
Current GC threshold: 129.38 MB
CDS: on
 - commit_granule_bytes: 65536.
 - commit_granule_words: 8192.
 - virtual_space_node_default_size: 8388608.
 - enlarge_chunks_in_place: 1.
UseCompressedClassPointers 1, UseCompactObjectHeaders 0
Narrow klass pointer bits 32, Max shift 3
Narrow klass base: 0x000001c71e000000, Narrow klass shift: 0
Encoding Range: [0x000001c71e000000 - 0x000001c81e000000), (4294967296 bytes)
Klass Range:    [0x000001c71e000000 - 0x000001c75f000000), (1090519040 bytes)
Klass ID Range:  [8 - 1090519033) (1090519025)


Internal statistics:

num_allocs_failed_limit: 9.
num_arena_births: 1026.
num_arena_deaths: 0.
num_vsnodes_births: 3.
num_vsnodes_deaths: 0.
num_space_committed: 1414.
num_space_uncommitted: 0.
num_chunks_returned_to_freelist: 9.
num_chunks_taken_from_freelist: 4243.
num_chunk_merges: 9.
num_chunk_splits: 3130.
num_chunks_enlarged: 2589.
num_inconsistent_stats: 0.

CodeHeap 'non-profiled nmethods': size=120064Kb used=5864Kb max_used=5864Kb free=114199Kb
 bounds [0x000001c7102a0000, 0x000001c710860000, 0x000001c7177e0000]
CodeHeap 'profiled nmethods': size=120000Kb used=17336Kb max_used=17336Kb free=102663Kb
 bounds [0x000001c7087e0000, 0x000001c7098d0000, 0x000001c70fd10000]
CodeHeap 'non-nmethods': size=5696Kb used=1610Kb max_used=1666Kb free=4085Kb
 bounds [0x000001c70fd10000, 0x000001c70ff80000, 0x000001c7102a0000]
CodeCache: size=245760Kb, used=24810Kb, max_used=24866Kb, free=220947Kb
 total_blobs=11455, nmethods=10693, adapters=665, full_count=0
Compilation: enabled, stopped_count=0, restarted_count=0

Compilation events (20 events):
Event: 3362.371 Thread 0x000001c77f34e9f0 nmethod 11779 0x000001c7098c4808 code [0x000001c7098c4b20, 0x000001c7098c6950]
Event: 3362.371 Thread 0x000001c77f34e9f0 11777       3       java.lang.invoke.LambdaForm$DMH/0x000001c71fa24c00::newInvokeSpecial (24 bytes)
Event: 3362.371 Thread 0x000001c77f34e9f0 nmethod 11777 0x000001c7098c6a88 code [0x000001c7098c6be0, 0x000001c7098c7148]
Event: 3362.373 Thread 0x000001c77f34e9f0 11780       3       java.lang.String::split (242 bytes)
Event: 3362.374 Thread 0x000001c77f34e9f0 nmethod 11780 0x000001c7098c7188 code [0x000001c7098c74e0, 0x000001c7098c9e08]
Event: 3362.374 Thread 0x000001c77f34e9f0 11781       3       java.lang.Math::round (70 bytes)
Event: 3362.374 Thread 0x000001c77f34e9f0 nmethod 11781 0x000001c7098c9f08 code [0x000001c7098ca020, 0x000001c7098ca238]
Event: 3362.374 Thread 0x000001c77f34e9f0 11782       3       org.postgresql.jdbc.PgConnection::addDataType (87 bytes)
Event: 3362.375 Thread 0x000001c77f34e9f0 nmethod 11782 0x000001c7098ca288 code [0x000001c7098ca520, 0x000001c7098cbac8]
Event: 3371.565 Thread 0x000001c77f3269b0 11783       4       org.apache.catalina.webresources.Cache$$Lambda/0x000001c71f9258d8::applyAsLong (8 bytes)
Event: 3371.567 Thread 0x000001c77f3269b0 nmethod 11783 0x000001c710858088 code [0x000001c710858180, 0x000001c710858230]
Event: 3375.654 Thread 0x000001c77f34e9f0 11784       3       java.util.concurrent.atomic.AtomicReference::getAndSet (9 bytes)
Event: 3375.656 Thread 0x000001c77f34e9f0 nmethod 11784 0x000001c7098cbc08 code [0x000001c7098cbe00, 0x000001c7098ccdc0]
Event: 3376.655 Thread 0x000001c77f34e9f0 11785       3       org.apache.tomcat.util.net.SocketWrapperBase::takeCurrentProcessor (9 bytes)
Event: 3376.656 Thread 0x000001c77f34e9f0 nmethod 11785 0x000001c7098cce88 code [0x000001c7098cd080, 0x000001c7098cdfe8]
Event: 3391.567 Thread 0x000001c77f3269b0 11786       4       java.util.HashMap::valuesToArray (81 bytes)
Event: 3391.569 Thread 0x000001c77f3269b0 nmethod 11786 0x000001c710858388 code [0x000001c7108584a0, 0x000001c710858860]
Event: 3395.430 Thread 0x000001c77f3269b0 11787       4       java.util.concurrent.locks.AbstractQueuedSynchronizer$ConditionObject::awaitNanos (202 bytes)
Event: 3395.461 Thread 0x000001c77f3269b0 nmethod 11787 0x000001c710858888 code [0x000001c710858a80, 0x000001c71085a060]
Event: 3404.812 Thread 0x000001c77f3269b0 11788       4       java.util.concurrent.locks.AbstractQueuedSynchronizer$ConditionObject::doSignal (62 bytes)

GC Heap History (20 events):
Event: 3.983 GC heap before
{Heap before GC invocations=5 (full 0):
 garbage-first heap   total reserved 4155392K, committed 77824K, used 35648K [0x0000000702600000, 0x0000000800000000)
  region size 2048K, 10 young (20480K), 2 survivors (4096K)
 Metaspace       used 35670K, committed 35968K, reserved 1114112K
  class space    used 3712K, committed 3840K, reserved 1048576K
}
Event: 3.990 GC heap after
{Heap after GC invocations=6 (full 0):
 garbage-first heap   total reserved 4155392K, committed 77824K, used 22233K [0x0000000702600000, 0x0000000800000000)
  region size 2048K, 2 young (4096K), 2 survivors (4096K)
 Metaspace       used 35670K, committed 35968K, reserved 1114112K
  class space    used 3712K, committed 3840K, reserved 1048576K
}
Event: 4.942 GC heap before
{Heap before GC invocations=7 (full 0):
 garbage-first heap   total reserved 4155392K, committed 77824K, used 57049K [0x0000000702600000, 0x0000000800000000)
  region size 2048K, 20 young (40960K), 2 survivors (4096K)
 Metaspace       used 43654K, committed 44160K, reserved 1114112K
  class space    used 4589K, committed 4800K, reserved 1048576K
}
Event: 4.956 GC heap after
{Heap after GC invocations=8 (full 0):
 garbage-first heap   total reserved 4155392K, committed 77824K, used 25154K [0x0000000702600000, 0x0000000800000000)
  region size 2048K, 2 young (4096K), 2 survivors (4096K)
 Metaspace       used 43654K, committed 44160K, reserved 1114112K
  class space    used 4589K, committed 4800K, reserved 1048576K
}
Event: 6.596 GC heap before
{Heap before GC invocations=8 (full 0):
 garbage-first heap   total reserved 4155392K, committed 77824K, used 62018K [0x0000000702600000, 0x0000000800000000)
  region size 2048K, 20 young (40960K), 2 survivors (4096K)
 Metaspace       used 52695K, committed 53184K, reserved 1114112K
  class space    used 5406K, committed 5632K, reserved 1048576K
}
Event: 6.617 GC heap after
{Heap after GC invocations=9 (full 0):
 garbage-first heap   total reserved 4155392K, committed 77824K, used 28355K [0x0000000702600000, 0x0000000800000000)
  region size 2048K, 3 young (6144K), 3 survivors (6144K)
 Metaspace       used 52695K, committed 53184K, reserved 1114112K
  class space    used 5406K, committed 5632K, reserved 1048576K
}
Event: 8.080 GC heap before
{Heap before GC invocations=9 (full 0):
 garbage-first heap   total reserved 4155392K, committed 77824K, used 54979K [0x0000000702600000, 0x0000000800000000)
  region size 2048K, 18 young (36864K), 3 survivors (6144K)
 Metaspace       used 59844K, committed 60288K, reserved 1114112K
  class space    used 6257K, committed 6464K, reserved 1048576K
}
Event: 8.109 GC heap after
{Heap after GC invocations=10 (full 0):
 garbage-first heap   total reserved 4155392K, committed 94208K, used 29022K [0x0000000702600000, 0x0000000800000000)
  region size 2048K, 2 young (4096K), 2 survivors (4096K)
 Metaspace       used 59844K, committed 60288K, reserved 1114112K
  class space    used 6257K, committed 6464K, reserved 1048576K
}
Event: 11.262 GC heap before
{Heap before GC invocations=11 (full 0):
 garbage-first heap   total reserved 4155392K, committed 94208K, used 76126K [0x0000000702600000, 0x0000000800000000)
  region size 2048K, 25 young (51200K), 2 survivors (4096K)
 Metaspace       used 67244K, committed 67776K, reserved 1114112K
  class space    used 7134K, committed 7360K, reserved 1048576K
}
Event: 11.273 GC heap after
{Heap after GC invocations=12 (full 0):
 garbage-first heap   total reserved 4155392K, committed 94208K, used 32208K [0x0000000702600000, 0x0000000800000000)
  region size 2048K, 4 young (8192K), 4 survivors (8192K)
 Metaspace       used 67244K, committed 67776K, reserved 1114112K
  class space    used 7134K, committed 7360K, reserved 1048576K
}
Event: 12.484 GC heap before
{Heap before GC invocations=12 (full 0):
 garbage-first heap   total reserved 4155392K, committed 94208K, used 77264K [0x0000000702600000, 0x0000000800000000)
  region size 2048K, 26 young (53248K), 4 survivors (8192K)
 Metaspace       used 72132K, committed 72640K, reserved 1114112K
  class space    used 7882K, committed 8064K, reserved 1048576K
}
Event: 12.498 GC heap after
{Heap after GC invocations=13 (full 0):
 garbage-first heap   total reserved 4155392K, committed 94208K, used 34659K [0x0000000702600000, 0x0000000800000000)
  region size 2048K, 4 young (8192K), 4 survivors (8192K)
 Metaspace       used 72132K, committed 72640K, reserved 1114112K
  class space    used 7882K, committed 8064K, reserved 1048576K
}
Event: 13.371 GC heap before
{Heap before GC invocations=13 (full 0):
 garbage-first heap   total reserved 4155392K, committed 94208K, used 77667K [0x0000000702600000, 0x0000000800000000)
  region size 2048K, 25 young (51200K), 4 survivors (8192K)
 Metaspace       used 75616K, committed 76224K, reserved 1179648K
  class space    used 8474K, committed 8704K, reserved 1048576K
}
Event: 13.380 GC heap after
{Heap after GC invocations=14 (full 0):
 garbage-first heap   total reserved 4155392K, committed 94208K, used 37471K [0x0000000702600000, 0x0000000800000000)
  region size 2048K, 3 young (6144K), 3 survivors (6144K)
 Metaspace       used 75616K, committed 76224K, reserved 1179648K
  class space    used 8474K, committed 8704K, reserved 1048576K
}
Event: 14.510 GC heap before
{Heap before GC invocations=14 (full 0):
 garbage-first heap   total reserved 4155392K, committed 94208K, used 80479K [0x0000000702600000, 0x0000000800000000)
  region size 2048K, 24 young (49152K), 3 survivors (6144K)
 Metaspace       used 78728K, committed 79424K, reserved 1179648K
  class space    used 8829K, committed 9152K, reserved 1048576K
}
Event: 14.518 GC heap after
{Heap after GC invocations=15 (full 0):
 garbage-first heap   total reserved 4155392K, committed 94208K, used 40879K [0x0000000702600000, 0x0000000800000000)
  region size 2048K, 3 young (6144K), 3 survivors (6144K)
 Metaspace       used 78728K, committed 79424K, reserved 1179648K
  class space    used 8829K, committed 9152K, reserved 1048576K
}
Event: 324.313 GC heap before
{Heap before GC invocations=16 (full 0):
 garbage-first heap   total reserved 4155392K, committed 94208K, used 77743K [0x0000000702600000, 0x0000000800000000)
  region size 2048K, 22 young (45056K), 3 survivors (6144K)
 Metaspace       used 86145K, committed 86784K, reserved 1179648K
  class space    used 9725K, committed 9984K, reserved 1048576K
}
Event: 324.322 GC heap after
{Heap after GC invocations=17 (full 0):
 garbage-first heap   total reserved 4155392K, committed 94208K, used 43571K [0x0000000702600000, 0x0000000800000000)
  region size 2048K, 2 young (4096K), 2 survivors (4096K)
 Metaspace       used 86145K, committed 86784K, reserved 1179648K
  class space    used 9725K, committed 9984K, reserved 1048576K
}
Event: 2684.560 GC heap before
{Heap before GC invocations=17 (full 0):
 garbage-first heap   total reserved 4155392K, committed 94208K, used 82483K [0x0000000702600000, 0x0000000800000000)
  region size 2048K, 21 young (43008K), 2 survivors (4096K)
 Metaspace       used 89336K, committed 90048K, reserved 1179648K
  class space    used 9976K, committed 10240K, reserved 1048576K
}
Event: 2684.566 GC heap after
{Heap after GC invocations=18 (full 0):
 garbage-first heap   total reserved 4155392K, committed 94208K, used 45280K [0x0000000702600000, 0x0000000800000000)
  region size 2048K, 3 young (6144K), 3 survivors (6144K)
 Metaspace       used 89336K, committed 90048K, reserved 1179648K
  class space    used 9976K, committed 10240K, reserved 1048576K
}

Dll operation events (13 events):
Event: 0.012 Loaded shared library C:\Program Files\Java\jdk-24\bin\java.dll
Event: 0.050 Loaded shared library C:\Program Files\Java\jdk-24\bin\jsvml.dll
Event: 0.183 Loaded shared library C:\Program Files\Java\jdk-24\bin\zip.dll
Event: 0.185 Loaded shared library C:\Program Files\Java\jdk-24\bin\instrument.dll
Event: 0.189 Loaded shared library C:\Program Files\Java\jdk-24\bin\net.dll
Event: 0.191 Loaded shared library C:\Program Files\Java\jdk-24\bin\nio.dll
Event: 0.193 Loaded shared library C:\Program Files\Java\jdk-24\bin\zip.dll
Event: 0.301 Loaded shared library C:\Program Files\Java\jdk-24\bin\extnet.dll
Event: 0.336 Loaded shared library C:\Program Files\Java\jdk-24\bin\jimage.dll
Event: 1.977 Loaded shared library C:\Program Files\Java\jdk-24\bin\sunmscapi.dll
Event: 3.943 Loaded shared library C:\Program Files\Java\jdk-24\bin\management.dll
Event: 3.945 Loaded shared library C:\Program Files\Java\jdk-24\bin\management_ext.dll
Event: 4.664 Loaded shared library C:\Program Files\Java\jdk-24\bin\verify.dll

Deoptimization events (20 events):
Event: 3361.563 Thread 0x000001c7660bd320 Uncommon trap: trap_request=0xffffffbe fr.pc=0x000001c710857e88 relative=0x00000000000001e8
Event: 3361.563 Thread 0x000001c7660bd320 Uncommon trap: reason=profile_predicate action=maybe_recompile pc=0x000001c710857e88 method=java.util.HashMap.valuesToArray([Ljava/lang/Object;)[Ljava/lang/Object; @ 36 c2
Event: 3361.563 Thread 0x000001c7660bd320 DEOPT PACKING pc=0x000001c710857e88 sp=0x000000124f3fee80
Event: 3361.563 Thread 0x000001c7660bd320 DEOPT UNPACKING pc=0x000001c70fe24102 sp=0x000000124f3fee00 mode 2
Event: 3361.564 Thread 0x000001c7660bd320 Uncommon trap: trap_request=0xffffffbe fr.pc=0x000001c710857e88 relative=0x00000000000001e8
Event: 3361.564 Thread 0x000001c7660bd320 Uncommon trap: reason=profile_predicate action=maybe_recompile pc=0x000001c710857e88 method=java.util.HashMap.valuesToArray([Ljava/lang/Object;)[Ljava/lang/Object; @ 36 c2
Event: 3361.564 Thread 0x000001c7660bd320 DEOPT PACKING pc=0x000001c710857e88 sp=0x000000124f3fedb0
Event: 3361.564 Thread 0x000001c7660bd320 DEOPT UNPACKING pc=0x000001c70fe24102 sp=0x000000124f3fed30 mode 2
Event: 3361.564 Thread 0x000001c7660bd320 Uncommon trap: trap_request=0xffffffbe fr.pc=0x000001c710857e88 relative=0x00000000000001e8
Event: 3361.564 Thread 0x000001c7660bd320 Uncommon trap: reason=profile_predicate action=maybe_recompile pc=0x000001c710857e88 method=java.util.HashMap.valuesToArray([Ljava/lang/Object;)[Ljava/lang/Object; @ 36 c2
Event: 3361.564 Thread 0x000001c7660bd320 DEOPT PACKING pc=0x000001c710857e88 sp=0x000000124f3fece0
Event: 3361.564 Thread 0x000001c7660bd320 DEOPT UNPACKING pc=0x000001c70fe24102 sp=0x000000124f3fec60 mode 2
Event: 3371.565 Thread 0x000001c7660bd320 Uncommon trap: trap_request=0xffffffbe fr.pc=0x000001c710857e88 relative=0x00000000000001e8
Event: 3371.565 Thread 0x000001c7660bd320 Uncommon trap: reason=profile_predicate action=maybe_recompile pc=0x000001c710857e88 method=java.util.HashMap.valuesToArray([Ljava/lang/Object;)[Ljava/lang/Object; @ 36 c2
Event: 3371.565 Thread 0x000001c7660bd320 DEOPT PACKING pc=0x000001c710857e88 sp=0x000000124f3fee80
Event: 3371.565 Thread 0x000001c7660bd320 DEOPT UNPACKING pc=0x000001c70fe24102 sp=0x000000124f3fee00 mode 2
Event: 3401.568 Thread 0x000001c7660bda70 Uncommon trap: trap_request=0xffffff76 fr.pc=0x000001c710858670 relative=0x00000000000001d0
Event: 3401.568 Thread 0x000001c7660bda70 Uncommon trap: reason=predicate action=maybe_recompile pc=0x000001c710858670 method=java.util.HashMap.valuesToArray([Ljava/lang/Object;)[Ljava/lang/Object; @ 48 c2
Event: 3401.568 Thread 0x000001c7660bda70 DEOPT PACKING pc=0x000001c710858670 sp=0x000000124f2ff070
Event: 3401.568 Thread 0x000001c7660bda70 DEOPT UNPACKING pc=0x000001c70fe24102 sp=0x000000124f2feff8 mode 2

Classes loaded (20 events):
Event: 317.318 Loading class java/util/stream/DoubleStream
Event: 317.318 Loading class java/util/stream/DoubleStream done
Event: 317.336 Loading class org/w3c/dom/Node
Event: 317.336 Loading class org/w3c/dom/Node done
Event: 317.336 Loading class org/w3c/dom/Document
Event: 317.336 Loading class org/w3c/dom/Document done
Event: 324.249 Loading class java/io/PushbackInputStream
Event: 324.249 Loading class java/io/PushbackInputStream done
Event: 324.310 Loading class java/math/MathContext
Event: 324.310 Loading class java/math/MathContext done
Event: 324.404 Loading class sun/reflect/annotation/AnnotatedTypeFactory$AnnotatedArrayTypeImpl
Event: 324.415 Loading class sun/reflect/annotation/AnnotatedTypeFactory$AnnotatedArrayTypeImpl done
Event: 324.683 Loading class java/math/BigDecimal$StringBuilderHelper
Event: 324.683 Loading class java/math/BigDecimal$StringBuilderHelper done
Event: 1864.626 Loading class java/util/concurrent/locks/ReentrantReadWriteLock$Sync$HoldCounter
Event: 1864.627 Loading class java/util/concurrent/locks/ReentrantReadWriteLock$Sync$HoldCounter done
Event: 2499.245 Loading class java/util/function/LongSupplier
Event: 2499.245 Loading class java/util/function/LongSupplier done
Event: 2903.425 Loading class sun/net/ConnectionResetException
Event: 2903.425 Loading class sun/net/ConnectionResetException done

Classes unloaded (0 events):
No events

Classes redefined (0 events):
No events

Internal exceptions (20 events):
Event: 324.555 Thread 0x000001c766b04900 Exception <a 'java/lang/NoSuchMethodError'{0x000000070f6625e0}: 'void java.lang.invoke.Invokers$Holder.invoke_MT(java.lang.Object, java.lang.Object, java.lang.Object, java.lang.Object)'> (0x000000070f6625e0) 
thrown [s\open\src\hotspot\share\interpreter\linkResolver.cpp, line 805]
Event: 324.571 Thread 0x000001c766b04900 Implicit null exception at 0x000001c71034c027 to 0x000001c71034c960
Event: 324.571 Thread 0x000001c766b04900 Implicit null exception at 0x000001c7106dfc66 to 0x000001c7106e1cd4
Event: 324.572 Thread 0x000001c766b04900 Implicit null exception at 0x000001c71038d120 to 0x000001c71038dba4
Event: 324.572 Thread 0x000001c766b04900 Implicit null exception at 0x000001c7106d9825 to 0x000001c7106da260
Event: 324.573 Thread 0x000001c766b04900 Implicit null exception at 0x000001c7102d5499 to 0x000001c7102d5df0
Event: 324.574 Thread 0x000001c766b04900 Implicit null exception at 0x000001c7102fcb89 to 0x000001c7102fd33c
Event: 324.628 Thread 0x000001c766b04900 Exception <a 'java/lang/NoSuchMethodError'{0x000000070f4a2d60}: 'int java.lang.invoke.DirectMethodHandle$Holder.invokeStatic(java.lang.Object, java.lang.Object, int, int)'> (0x000000070f4a2d60) 
thrown [s\open\src\hotspot\share\interpreter\linkResolver.cpp, line 805]
Event: 324.658 Thread 0x000001c766b04900 Exception <a 'java/lang/NoSuchMethodError'{0x000000070f50c350}: 'java.lang.Object java.lang.invoke.Invokers$Holder.linkToTargetMethod(java.lang.Object, int, java.lang.Object, java.lang.Object, java.lang.Object, java.lang.Object)'> (0x000000070f50c350) 
thrown [s\open\src\hotspot\share\interpreter\linkResolver.cpp, line 805]
Event: 324.659 Thread 0x000001c766b04900 Exception <a 'java/lang/NoSuchMethodError'{0x000000070f526680}: 'int java.lang.invoke.DirectMethodHandle$Holder.invokeStatic(java.lang.Object, java.lang.Object, int, java.lang.Object)'> (0x000000070f526680) 
thrown [s\open\src\hotspot\share\interpreter\linkResolver.cpp, line 805]
Event: 324.670 Thread 0x000001c766b04900 Exception <a 'java/lang/NoSuchMethodError'{0x000000070f5a7680}: 'int java.lang.invoke.DirectMethodHandle$Holder.invokeInterface(java.lang.Object, java.lang.Object, java.lang.Object, int, java.lang.Object, java.lang.Object)'> (0x000000070f5a7680) 
thrown [s\open\src\hotspot\share\interpreter\linkResolver.cpp, line 805]
Event: 324.670 Thread 0x000001c766b04900 Exception <a 'java/lang/IncompatibleClassChangeError'{0x000000070f5affb0}: Found class java.lang.Object, but interface was expected> (0x000000070f5affb0) 
thrown [s\open\src\hotspot\share\interpreter\linkResolver.cpp, line 872]
Event: 704.247 Thread 0x000001c76833e200 Exception <a 'java/lang/NoSuchMethodError'{0x00000007069dda40}: 'void java.lang.invoke.Invokers$Holder.invokeExact_MT(java.lang.Object, java.lang.Object, int, java.lang.Object)'> (0x00000007069dda40) 
thrown [s\open\src\hotspot\share\interpreter\linkResolver.cpp, line 805]
Event: 2499.230 Thread 0x000001c766b06d90 Exception <a 'java/lang/IncompatibleClassChangeError'{0x0000000705655830}: Found class java.lang.Object, but interface was expected> (0x0000000705655830) 
thrown [s\open\src\hotspot\share\interpreter\linkResolver.cpp, line 872]
Event: 2499.234 Thread 0x000001c766b05ef0 Exception <a 'java/lang/NoSuchMethodError'{0x000000070569ca48}: 'java.lang.Object java.lang.invoke.DirectMethodHandle$Holder.invokeVirtual(java.lang.Object, java.lang.Object, int, int, java.lang.Object)'> (0x000000070569ca48) 
thrown [s\open\src\hotspot\share\interpreter\linkResolver.cpp, line 805]
Event: 2499.237 Thread 0x000001c766b05ef0 Exception <a 'java/lang/NoSuchMethodError'{0x00000007056ad558}: 'java.lang.Object java.lang.invoke.DelegatingMethodHandle$Holder.reinvoke_L(java.lang.Object, java.lang.Object, int, int, java.lang.Object)'> (0x00000007056ad558) 
thrown [s\open\src\hotspot\share\interpreter\linkResolver.cpp, line 805]
Event: 2903.425 Thread 0x000001c76833e200 Exception <a 'sun/net/ConnectionResetException'{0x0000000712234b70}: Connection reset> (0x0000000712234b70) 
thrown [s\open\src\hotspot\share\prims\jni.cpp, line 536]
Event: 2903.428 Thread 0x000001c766b04900 Exception <a 'sun/net/ConnectionResetException'{0x000000070fa06b68}: Connection reset> (0x000000070fa06b68) 
thrown [s\open\src\hotspot\share\prims\jni.cpp, line 536]
Event: 2903.429 Thread 0x000001c766b05050 Exception <a 'sun/net/ConnectionResetException'{0x0000000712293568}: Connection reset> (0x0000000712293568) 
thrown [s\open\src\hotspot\share\prims\jni.cpp, line 536]
Event: 2903.429 Thread 0x000001c76833bd70 Exception <a 'sun/net/ConnectionResetException'{0x000000070fa8d858}: Connection reset> (0x000000070fa8d858) 
thrown [s\open\src\hotspot\share\prims\jni.cpp, line 536]

VM Operations (20 events):
Event: 2826.103 Executing VM operation: HandshakeAllThreads (HandshakeForDeflation)
Event: 2826.103 Executing VM operation: HandshakeAllThreads (HandshakeForDeflation) done
Event: 2826.103 Executing VM operation: RendezvousGCThreads
Event: 2826.103 Executing VM operation: RendezvousGCThreads done
Event: 2886.219 Executing VM operation: HandshakeAllThreads (HandshakeForDeflation)
Event: 2886.219 Executing VM operation: HandshakeAllThreads (HandshakeForDeflation) done
Event: 2886.219 Executing VM operation: RendezvousGCThreads
Event: 2886.219 Executing VM operation: RendezvousGCThreads done
Event: 2946.431 Executing VM operation: HandshakeAllThreads (HandshakeForDeflation)
Event: 2946.431 Executing VM operation: HandshakeAllThreads (HandshakeForDeflation) done
Event: 2946.431 Executing VM operation: RendezvousGCThreads
Event: 2946.431 Executing VM operation: RendezvousGCThreads done
Event: 3187.006 Executing VM operation: HandshakeAllThreads (HandshakeForDeflation)
Event: 3187.007 Executing VM operation: HandshakeAllThreads (HandshakeForDeflation) done
Event: 3187.007 Executing VM operation: RendezvousGCThreads
Event: 3187.007 Executing VM operation: RendezvousGCThreads done
Event: 3367.414 Executing VM operation: HandshakeAllThreads (HandshakeForDeflation)
Event: 3367.414 Executing VM operation: HandshakeAllThreads (HandshakeForDeflation) done
Event: 3367.414 Executing VM operation: RendezvousGCThreads
Event: 3367.414 Executing VM operation: RendezvousGCThreads done

Memory protections (0 events):
No events

Nmethod flushes (20 events):
Event: 14.583 Thread 0x000001c77f1d6d50 flushing  nmethod 0x000001c708b61208
Event: 14.583 Thread 0x000001c77f1d6d50 flushing  nmethod 0x000001c708b63588
Event: 14.583 Thread 0x000001c77f1d6d50 flushing osr nmethod 0x000001c708c33608
Event: 14.583 Thread 0x000001c77f1d6d50 flushing  nmethod 0x000001c708c35308
Event: 14.583 Thread 0x000001c77f1d6d50 flushing  nmethod 0x000001c708c36408
Event: 14.583 Thread 0x000001c77f1d6d50 flushing  nmethod 0x000001c708c36d08
Event: 14.583 Thread 0x000001c77f1d6d50 flushing  nmethod 0x000001c708d73508
Event: 14.583 Thread 0x000001c77f1d6d50 flushing  nmethod 0x000001c708e5d108
Event: 14.583 Thread 0x000001c77f1d6d50 flushing  nmethod 0x000001c708f96688
Event: 14.583 Thread 0x000001c77f1d6d50 flushing  nmethod 0x000001c708f97288
Event: 14.583 Thread 0x000001c77f1d6d50 flushing  nmethod 0x000001c708f98e88
Event: 14.583 Thread 0x000001c77f1d6d50 flushing  nmethod 0x000001c708f9a588
Event: 14.583 Thread 0x000001c77f1d6d50 flushing  nmethod 0x000001c709023b88
Event: 14.583 Thread 0x000001c77f1d6d50 flushing  nmethod 0x000001c709024588
Event: 14.583 Thread 0x000001c77f1d6d50 flushing  nmethod 0x000001c709048e08
Event: 14.583 Thread 0x000001c77f1d6d50 flushing  nmethod 0x000001c7090bec08
Event: 14.583 Thread 0x000001c77f1d6d50 flushing  nmethod 0x000001c709116c88
Event: 14.583 Thread 0x000001c77f1d6d50 flushing  nmethod 0x000001c709117888
Event: 14.583 Thread 0x000001c77f1d6d50 flushing  nmethod 0x000001c709118588
Event: 14.583 Thread 0x000001c77f1d6d50 flushing  nmethod 0x000001c709119708

Events (20 events):
Event: 3136.290 Thread 0x000001c7660bf060 Thread added: 0x000001c766b08380
Event: 3136.291 Thread 0x000001c766b08380 Thread added: 0x000001c766b015d0
Event: 3141.292 Thread 0x000001c766b08380 Thread exited: 0x000001c766b08380
Event: 3141.388 Thread 0x000001c766b015d0 Thread exited: 0x000001c766b015d0
Event: 3174.467 Thread 0x000001c7660bf060 Thread added: 0x000001c766b015d0
Event: 3174.468 Thread 0x000001c766b015d0 Thread added: 0x000001c766b02470
Event: 3179.470 Thread 0x000001c766b015d0 Thread exited: 0x000001c766b015d0
Event: 3179.667 Thread 0x000001c766b02470 Thread exited: 0x000001c766b02470
Event: 3213.473 Thread 0x000001c7660bf060 Thread added: 0x000001c766b02470
Event: 3213.473 Thread 0x000001c766b02470 Thread added: 0x000001c766b015d0
Event: 3218.474 Thread 0x000001c766b02470 Thread exited: 0x000001c766b02470
Event: 3218.644 Thread 0x000001c766b015d0 Thread exited: 0x000001c766b015d0
Event: 3277.564 Thread 0x000001c7660bf060 Thread added: 0x000001c766b015d0
Event: 3277.565 Thread 0x000001c766b015d0 Thread added: 0x000001c766b02470
Event: 3282.566 Thread 0x000001c766b015d0 Thread exited: 0x000001c766b015d0
Event: 3282.738 Thread 0x000001c766b02470 Thread exited: 0x000001c766b02470
Event: 3362.232 Thread 0x000001c7660bf060 Thread added: 0x000001c766b015d0
Event: 3362.233 Thread 0x000001c766b015d0 Thread added: 0x000001c766b02470
Event: 3367.235 Thread 0x000001c766b015d0 Thread exited: 0x000001c766b015d0
Event: 3367.404 Thread 0x000001c766b02470 Thread exited: 0x000001c766b02470


Dynamic libraries:
0x00007ff6e28e0000 - 0x00007ff6e28f0000 	C:\Program Files\Java\jdk-24\bin\java.exe
0x00007fff163f0000 - 0x00007fff165e8000 	C:\Windows\SYSTEM32\ntdll.dll
0x00007fff15570000 - 0x00007fff15632000 	C:\Windows\System32\KERNEL32.DLL
0x00007fff13e70000 - 0x00007fff14167000 	C:\Windows\System32\KERNELBASE.dll
0x00007fff142e0000 - 0x00007fff143e0000 	C:\Windows\System32\ucrtbase.dll
0x00007fff10170000 - 0x00007fff10186000 	C:\Program Files\Java\jdk-24\bin\jli.dll
0x00007fff16130000 - 0x00007fff162cd000 	C:\Windows\System32\USER32.dll
0x00007fff143e0000 - 0x00007fff14402000 	C:\Windows\System32\win32u.dll
0x00007fff16380000 - 0x00007fff163ab000 	C:\Windows\System32\GDI32.dll
0x00007ffefb600000 - 0x00007ffefb89a000 	C:\Windows\WinSxS\amd64_microsoft.windows.common-controls_6595b64144ccf1df_6.0.19041.5915_none_60b4b9d171f9c7c7\COMCTL32.dll
0x00007fff13d50000 - 0x00007fff13e69000 	C:\Windows\System32\gdi32full.dll
0x00007fff14b30000 - 0x00007fff14bce000 	C:\Windows\System32\msvcrt.dll
0x00007fff13c60000 - 0x00007fff13cfd000 	C:\Windows\System32\msvcp_win.dll
0x00007fff10310000 - 0x00007fff1032b000 	C:\Program Files\Java\jdk-24\bin\VCRUNTIME140.dll
0x00007fff15540000 - 0x00007fff1556f000 	C:\Windows\System32\IMM32.DLL
0x00007fff108d0000 - 0x00007fff108dc000 	C:\Program Files\Java\jdk-24\bin\vcruntime140_1.dll
0x00007fff0c3c0000 - 0x00007fff0c44e000 	C:\Program Files\Java\jdk-24\bin\msvcp140.dll
0x00007ffed11a0000 - 0x00007ffed1f42000 	C:\Program Files\Java\jdk-24\bin\server\jvm.dll
0x00007fff147b0000 - 0x00007fff14861000 	C:\Windows\System32\ADVAPI32.dll
0x00007fff148f0000 - 0x00007fff1498f000 	C:\Windows\System32\sechost.dll
0x00007fff14a00000 - 0x00007fff14b26000 	C:\Windows\System32\RPCRT4.dll
0x00007fff142b0000 - 0x00007fff142d7000 	C:\Windows\System32\bcrypt.dll
0x00007fff15460000 - 0x00007fff154cb000 	C:\Windows\System32\WS2_32.dll
0x00007fff12f80000 - 0x00007fff12fcb000 	C:\Windows\SYSTEM32\POWRPROF.dll
0x00007fff05270000 - 0x00007fff05297000 	C:\Windows\SYSTEM32\WINMM.dll
0x00007fff0f770000 - 0x00007fff0f77a000 	C:\Windows\SYSTEM32\VERSION.dll
0x00007fff12e40000 - 0x00007fff12e52000 	C:\Windows\SYSTEM32\UMPDC.dll
0x00007fff12290000 - 0x00007fff122a2000 	C:\Windows\SYSTEM32\kernel.appcore.dll
0x00007fff10450000 - 0x00007fff1045a000 	C:\Program Files\Java\jdk-24\bin\jimage.dll
0x00007fff117a0000 - 0x00007fff119a1000 	C:\Windows\SYSTEM32\DBGHELP.DLL
0x00007ffef88c0000 - 0x00007ffef88f4000 	C:\Windows\SYSTEM32\dbgcore.DLL
0x00007fff14220000 - 0x00007fff142a2000 	C:\Windows\System32\bcryptPrimitives.dll
0x00007fff10300000 - 0x00007fff1030f000 	C:\Program Files\Java\jdk-24\bin\instrument.dll
0x00007fff0f3d0000 - 0x00007fff0f3ee000 	C:\Program Files\Java\jdk-24\bin\java.dll
0x00007fff14600000 - 0x00007fff1472b000 	C:\Windows\System32\ole32.dll
0x00007fff15b90000 - 0x00007fff15ee3000 	C:\Windows\System32\combase.dll
0x00007fff14cf0000 - 0x00007fff1545e000 	C:\Windows\System32\SHELL32.dll
0x00007fff11aa0000 - 0x00007fff12244000 	C:\Windows\SYSTEM32\windows.storage.dll
0x00007fff133d0000 - 0x00007fff133fb000 	C:\Windows\SYSTEM32\Wldp.dll
0x00007fff15ac0000 - 0x00007fff15b8d000 	C:\Windows\System32\OLEAUT32.dll
0x00007fff162d0000 - 0x00007fff1637d000 	C:\Windows\System32\SHCORE.dll
0x00007fff14730000 - 0x00007fff1478b000 	C:\Windows\System32\shlwapi.dll
0x00007fff139b0000 - 0x00007fff139d4000 	C:\Windows\SYSTEM32\profapi.dll
0x00007ffeff170000 - 0x00007ffeff247000 	C:\Program Files\Java\jdk-24\bin\jsvml.dll
0x00007fff0c3a0000 - 0x00007fff0c3b7000 	C:\Program Files\Java\jdk-24\bin\zip.dll
0x00007fff0ce10000 - 0x00007fff0ce20000 	C:\Program Files\Java\jdk-24\bin\net.dll
0x00007fff131b0000 - 0x00007fff1321a000 	C:\Windows\system32\mswsock.dll
0x00007fff0cdf0000 - 0x00007fff0ce06000 	C:\Program Files\Java\jdk-24\bin\nio.dll
0x00007fff0c510000 - 0x00007fff0c519000 	C:\Program Files\Java\jdk-24\bin\extnet.dll
0x00007fff0c2a0000 - 0x00007fff0c2ae000 	C:\Program Files\Java\jdk-24\bin\sunmscapi.dll
0x00007fff13b00000 - 0x00007fff13c5d000 	C:\Windows\System32\CRYPT32.dll
0x00007fff13440000 - 0x00007fff13467000 	C:\Windows\SYSTEM32\ncrypt.dll
0x00007fff13400000 - 0x00007fff1343b000 	C:\Windows\SYSTEM32\NTASN1.dll
0x00007fff13790000 - 0x00007fff137a8000 	C:\Windows\SYSTEM32\CRYPTSP.dll
0x00007fff12a80000 - 0x00007fff12ab8000 	C:\Windows\system32\rsaenh.dll
0x00007fff13970000 - 0x00007fff1399e000 	C:\Windows\SYSTEM32\USERENV.dll
0x00007fff13340000 - 0x00007fff1334c000 	C:\Windows\SYSTEM32\CRYPTBASE.dll
0x00007fff12e60000 - 0x00007fff12e9b000 	C:\Windows\SYSTEM32\IPHLPAPI.DLL
0x00007fff15ab0000 - 0x00007fff15ab8000 	C:\Windows\System32\NSI.dll
0x00007fff0c290000 - 0x00007fff0c29a000 	C:\Program Files\Java\jdk-24\bin\management.dll
0x00007fff0c240000 - 0x00007fff0c24b000 	C:\Program Files\Java\jdk-24\bin\management_ext.dll
0x00007fff14990000 - 0x00007fff14998000 	C:\Windows\System32\PSAPI.DLL
0x00007fff0c110000 - 0x00007fff0c120000 	C:\Program Files\Java\jdk-24\bin\verify.dll
0x00007fff12eb0000 - 0x00007fff12f7a000 	C:\Windows\SYSTEM32\DNSAPI.dll
0x00007ffefabd0000 - 0x00007ffefabda000 	C:\Windows\System32\rasadhlp.dll
0x00007fff096d0000 - 0x00007fff09750000 	C:\Windows\System32\fwpuclnt.dll
0x00007fff0c210000 - 0x00007fff0c217000 	C:\Windows\system32\wshunix.dll

JVMTI agents:
C:\Program Files\JetBrains\IntelliJ IDEA Community Edition 2025.1.1.1\lib\idea_rt.jar path:C:\Program Files\Java\jdk-24\bin\instrument.dll, loaded, initialized, instrumentlib options:55885

dbghelp: loaded successfully - version: 4.0.5 - missing functions: none
symbol engine: initialized successfully - sym options: 0x614 - pdb path: .;C:\Program Files\Java\jdk-24\bin;C:\Windows\SYSTEM32;C:\Windows\WinSxS\amd64_microsoft.windows.common-controls_6595b64144ccf1df_6.0.19041.5915_none_60b4b9d171f9c7c7;C:\Program Files\Java\jdk-24\bin\server

VM Arguments:
jvm_args: -javaagent:C:\Program Files\JetBrains\IntelliJ IDEA Community Edition 2025.1.1.1\lib\idea_rt.jar=55885 -Dfile.encoding=UTF-8 -Dsun.stdout.encoding=UTF-8 -Dsun.stderr.encoding=UTF-8 
java_command: com.mostafa.api.ecommerce.ApiEcommerceApplication
java_class_path (initial): C:\Users\Darsh\Desktop\E-commerce\api\target\classes;C:\Users\Darsh\.m2\repository\org\springframework\boot\spring-boot-starter-data-jpa\3.5.3\spring-boot-starter-data-jpa-3.5.3.jar;C:\Users\Darsh\.m2\repository\org\springframework\boot\spring-boot-starter\3.5.3\spring-boot-starter-3.5.3.jar;C:\Users\Darsh\.m2\repository\org\springframework\boot\spring-boot\3.5.3\spring-boot-3.5.3.jar;C:\Users\Darsh\.m2\repository\org\springframework\boot\spring-boot-autoconfigure\3.5.3\spring-boot-autoconfigure-3.5.3.jar;C:\Users\Darsh\.m2\repository\org\springframework\boot\spring-boot-starter-logging\3.5.3\spring-boot-starter-logging-3.5.3.jar;C:\Users\Darsh\.m2\repository\ch\qos\logback\logback-classic\1.5.18\logback-classic-1.5.18.jar;C:\Users\Darsh\.m2\repository\ch\qos\logback\logback-core\1.5.18\logback-core-1.5.18.jar;C:\Users\Darsh\.m2\repository\org\apache\logging\log4j\log4j-to-slf4j\2.24.3\log4j-to-slf4j-2.24.3.jar;C:\Users\Darsh\.m2\repository\org\apache\logging\log4j\log4j-api\2.24.3\log4j-api-2.24.3.jar;C:\Users\Darsh\.m2\repository\org\slf4j\jul-to-slf4j\2.0.17\jul-to-slf4j-2.0.17.jar;C:\Users\Darsh\.m2\repository\jakarta\annotation\jakarta.annotation-api\2.1.1\jakarta.annotation-api-2.1.1.jar;C:\Users\Darsh\.m2\repository\org\yaml\snakeyaml\2.4\snakeyaml-2.4.jar;C:\Users\Darsh\.m2\repository\org\springframework\boot\spring-boot-starter-jdbc\3.5.3\spring-boot-starter-jdbc-3.5.3.jar;C:\Users\Darsh\.m2\repository\com\zaxxer\HikariCP\6.3.0\HikariCP-6.3.0.jar;C:\Users\Darsh\.m2\repository\org\springframework\spring-jdbc\6.2.8\spring-jdbc-6.2.8.jar;C:\Users\Darsh\.m2\repository\org\hibernate\orm\hibernate-core\6.6.18.Final\hibernate-core-6.6.18.Final.jar;C:\Users\Darsh\.m2\repository\jakarta\persistence\jakarta.persistence-api\3.1.0\jakarta.persistence-api-3.1.0.jar;C:\Users\Darsh\.m2\repository\jakarta\transaction\jakarta.transaction-api\2.0.1\jakarta.transaction-api-2.0.1.jar;C:\Users\Darsh\.m2\repository\org\jboss\logging\jboss-logging\3.6.1.Final\jboss-logging-3.6.1.Final.jar;C:\Users\Darsh\.m2\repository\org\hibernate\common\hibernate-commons-annotations\7.0.3.Final\hibernate-commons-annotations-7.0.3.Final.jar;C:\Users\Darsh\.m2\repository\io\smallrye\jandex\3.2.0\jandex-3.2.0.jar;C:\Users\Darsh\.m2\repository\com\fasterxml\classmate\1.7.0\classmate-1.7.0.jar;C:\Users\Darsh\.m2\repository\net\bytebuddy\byte-buddy\1.17.6\byte-buddy-1.17.6.jar;C:\Users\Darsh\.m2\repository\org\glassfish\jaxb\jaxb-runtime\4.0.5\jaxb-runtime-4.0.5.jar;C:\Users\Darsh\.m2\repository\org\glassfish\jaxb\jaxb-core\4.0.5\jaxb-core-4.0.5.jar;C:\Users\Darsh\.m2\repository\org\eclipse\angus\angus-activation\2.0.2\angus-activation-2.0.2.jar;C:\Users\Darsh\.m2\repository\org\glassfish\jaxb\txw2\4.0.5\txw2-4.0.5.jar;C:\Users\Darsh\.m2\repository\com\sun\istack\istack-commons-runtime\4.1.2\istack-commons-runtime-4.1.2.jar;C:\Users\Darsh\.m2\repository\jakarta\inject\jakarta.inject-api\2.0.1\jakarta.inject-api-2.0.1.jar;C:\Users\Darsh\.m2\repository\org\antlr\antlr4-runtime\4.13.0\antlr4-runtime-4.13.0.jar;C:\Users\Darsh\.m2\repository\org\springframework\data\spring-data-jpa\3.5.1\spring-data-jpa-3.5.1.jar;C:\Users\Darsh\.m2\repository\org\springframework\data\spring-data-commons\3.5.1\spring-data-commons-3.5.1.jar;C:\Users\Darsh\.m2\repository\org\springframework\spring-orm\6.2.8\spring-orm-6.2.8.jar;C:\Users\Darsh\.m2\repository\org\springframework\spring-context\6.2.8\spring-context-6.2.8.jar;C:\Users\Darsh\.m2\repository\org\springframework\spring-tx\6.2.8\spring-tx-6.2.8.jar;C:\Users\Darsh\.m2\repository\org\springframework\spring-beans\6.2.8\spring-beans-6.2.8.jar;C:\Users\Darsh\.m2\repository\org\slf4j\slf4j-api\2.0.17\slf4j-api-2.0.17.jar;C:\Users\Darsh\.m2\repository\org\springframework\spring-aspects\6.2.8\spring-aspects-6.2.8.jar;C:\Users\Darsh\.m2\repository\org\aspectj\aspectjweaver\1.9.24\aspectjweaver-1.9.24.jar;C:\Users\Darsh\.m2\repository\org\springframework\boot\spring-boot-starter-validation\3.5.3\spring-boot-starter-validation-3.5.3.jar;C:\Users\Darsh\.m2\repository\org\apache\tomcat\embed\tomcat-embed-el\10.1.42\tomcat-embed-el-10.1.42.jar;C:\Users\Darsh\.m2\repository\org\hibernate\validator\hibernate-validator\8.0.2.Final\hibernate-validator-8.0.2.Final.jar;C:\Users\Darsh\.m2\repository\jakarta\validation\jakarta.validation-api\3.0.2\jakarta.validation-api-3.0.2.jar;C:\Users\Darsh\.m2\repository\org\springframework\boot\spring-boot-starter-web\3.5.3\spring-boot-starter-web-3.5.3.jar;C:\Users\Darsh\.m2\repository\org\springframework\boot\spring-boot-starter-json\3.5.3\spring-boot-starter-json-3.5.3.jar;C:\Users\Darsh\.m2\repository\com\fasterxml\jackson\datatype\jackson-datatype-jdk8\2.19.1\jackson-datatype-jdk8-2.19.1.jar;C:\Users\Darsh\.m2\repository\com\fasterxml\jackson\datatype\jackson-datatype-jsr310\2.19.1\jackson-datatype-jsr310-2.19.1.jar;C:\Users\Darsh\.m2\repository\com\fasterxml\jackson\module\jackson-module-parameter-names\2.19.1\jackson-module-parameter-names-2.19.1.jar;C:\Users\Darsh\.m2\repository\org\springframework\boot\spring-boot-starter-tomcat\3.5.3\spring-boot-starter-tomcat-3.5.3.jar;C:\Users\Darsh\.m2\repository\org\apache\tomcat\embed\tomcat-embed-core\10.1.42\tomcat-embed-core-10.1.42.jar;C:\Users\Darsh\.m2\repository\org\apache\tomcat\embed\tomcat-embed-websocket\10.1.42\tomcat-embed-websocket-10.1.42.jar;C:\Users\Darsh\.m2\repository\org\springframework\spring-web\6.2.8\spring-web-6.2.8.jar;C:\Users\Darsh\.m2\repository\io\micrometer\micrometer-observation\1.15.1\micrometer-observation-1.15.1.jar;C:\Users\Darsh\.m2\repository\io\micrometer\micrometer-commons\1.15.1\micrometer-commons-1.15.1.jar;C:\Users\Darsh\.m2\repository\org\springframework\spring-webmvc\6.2.8\spring-webmvc-6.2.8.jar;C:\Users\Darsh\.m2\repository\org\springframework\spring-expression\6.2.8\spring-expression-6.2.8.jar;C:\Users\Darsh\.m2\repository\org\postgresql\postgresql\42.7.7\postgresql-42.7.7.jar;C:\Users\Darsh\.m2\repository\org\checkerframework\checker-qual\3.49.3\checker-qual-3.49.3.jar;C:\Users\Darsh\.m2\repository\org\projectlombok\lombok\1.18.38\lombok-1.18.38.jar;C:\Users\Darsh\.m2\repository\jakarta\xml\bind\jakarta.xml.bind-api\4.0.2\jakarta.xml.bind-api-4.0.2.jar;C:\Users\Darsh\.m2\repository\jakarta\activation\jakarta.activation-api\2.1.3\jakarta.activation-api-2.1.3.jar;C:\Users\Darsh\.m2\repository\org\springframework\spring-core\6.2.8\spring-core-6.2.8.jar;C:\Users\Darsh\.m2\repository\org\springframework\spring-jcl\6.2.8\spring-jcl-6.2.8.jar;C:\Users\Darsh\.m2\repository\org\springframework\security\spring-security-core\6.5.1\spring-security-core-6.5.1.jar;C:\Users\Darsh\.m2\repository\org\springframework\security\spring-security-crypto\6.5.1\spring-security-crypto-6.5.1.jar;C:\Users\Darsh\.m2\repository\org\springframework\security\spring-security-web\6.5.1\spring-security-web-6.5.1.jar;C:\Users\Darsh\.m2\repository\org\springframework\boot\spring-boot-starter-security\3.5.3\spring-boot-starter-security-3.5.3.jar;C:\Users\Darsh\.m2\repository\org\springframework\spring-aop\6.2.8\spring-aop-6.2.8.jar;C:\Users\Darsh\.m2\repository\org\springframework\security\spring-security-config\6.5.1\spring-security-config-6.5.1.jar;C:\Users\Darsh\.m2\repository\io\jsonwebtoken\jjwt-api\0.12.6\jjwt-api-0.12.6.jar;C:\Users\Darsh\.m2\repository\io\jsonwebtoken\jjwt-impl\0.12.6\jjwt-impl-0.12.6.jar;C:\Users\Darsh\.m2\repository\io\jsonwebtoken\jjwt-jackson\0.12.6\jjwt-jackson-0.12.6.jar;C:\Users\Darsh\.m2\repository\com\fasterxml\jackson\core\jackson-databind\2.19.1\jackson-databind-2.19.1.jar;C:\Users\Darsh\.m2\repository\com\fasterxml\jackson\core\jackson-annotations\2.19.1\jackson-annotations-2.19.1.jar;C:\Users\Darsh\.m2\repository\com\fasterxml\jackson\core\jackson-core\2.19.1\jackson-core-2.19.1.jar;C:\Users\Darsh\.m2\repository\org\springdoc\springdoc-openapi-starter-webmvc-ui\2.7.0\springdoc-openapi-starter-webmvc-ui-2.7.0.jar;C:\Users\Darsh\.m2\repository\org\springdoc\springdoc-openapi-starter-webmvc-api\2.7.0\springdoc-openapi-starter-webmvc-api-2.7.0.jar;C:\Users\Darsh\.m2\repository\org\springdoc\springdoc-openapi-starter-common\2.7.0\springdoc-openapi-starter-common-2.7.0.jar;C:\Users\Darsh\.m2\repository\io\swagger\core\v3\swagger-core-jakarta\2.2.25\swagger-core-jakarta-2.2.25.jar;C:\Users\Darsh\.m2\repository\org\apache\commons\commons-lang3\3.17.0\commons-lang3-3.17.0.jar;C:\Users\Darsh\.m2\repository\io\swagger\core\v3\swagger-annotations-jakarta\2.2.25\swagger-annotations-jakarta-2.2.25.jar;C:\Users\Darsh\.m2\repository\io\swagger\core\v3\swagger-models-jakarta\2.2.25\swagger-models-jakarta-2.2.25.jar;C:\Users\Darsh\.m2\repository\com\fasterxml\jackson\dataformat\jackson-dataformat-yaml\2.19.1\jackson-dataformat-yaml-2.19.1.jar;C:\Users\Darsh\.m2\repository\org\webjars\swagger-ui\5.18.2\swagger-ui-5.18.2.jar;C:\Users\Darsh\.m2\repository\org\webjars\webjars-locator-lite\1.1.0\webjars-locator-lite-1.1.0.jar;C:\Users\Darsh\.m2\repository\org\jspecify\jspecify\1.0.0\jspecify-1.0.0.jar
Launcher Type: SUN_STANDARD

[Global flags]
     intx CICompilerCount                          = 4                                         {product} {ergonomic}
     uint ConcGCThreads                            = 2                                         {product} {ergonomic}
     uint G1ConcRefinementThreads                  = 8                                         {product} {ergonomic}
   size_t G1HeapRegionSize                         = 2097152                                   {product} {ergonomic}
   size_t InitialHeapSize                          = 266338304                                 {product} {ergonomic}
   size_t MarkStackSize                            = 4194304                                   {product} {ergonomic}
   size_t MarkStackSizeMax                         = 536870912                                 {product} {ergonomic}
   size_t MaxHeapSize                              = 4255121408                                {product} {ergonomic}
   size_t MaxNewSize                               = 2552233984                                {product} {ergonomic}
   size_t MinHeapDeltaBytes                        = 2097152                                   {product} {ergonomic}
   size_t MinHeapSize                              = 8388608                                   {product} {ergonomic}
    uintx NonNMethodCodeHeapSize                   = 5832704                                {pd product} {ergonomic}
    uintx NonProfiledCodeHeapSize                  = 122945536                              {pd product} {ergonomic}
    uintx ProfiledCodeHeapSize                     = 122880000                              {pd product} {ergonomic}
    uintx ReservedCodeCacheSize                    = 251658240                              {pd product} {ergonomic}
     bool SegmentedCodeCache                       = true                                      {product} {ergonomic}
   size_t SoftMaxHeapSize                          = 4255121408                             {manageable} {ergonomic}
     bool UseCompressedOops                        = true                           {product lp64_product} {ergonomic}
     bool UseG1GC                                  = true                                      {product} {ergonomic}
     bool UseLargePagesIndividualAllocation        = false                                  {pd product} {ergonomic}

Logging:
Log output configuration:
 #0: stdout all=warning uptime,level,tags foldmultilines=false
 #1: stderr all=off uptime,level,tags foldmultilines=false

Environment Variables:
PATH=C:\Program Files\Common Files\Oracle\Java\javapath;C:\Windows\system32;C:\Windows;C:\Windows\System32\Wbem;C:\Windows\System32\WindowsPowerShell\v1.0\;C:\Windows\System32\OpenSSH\;C:\Users\Darsh\AppData\Roaming\nvm;C:\Program Files\nodejs;C:\Program Files\Git\cmd;C:\Users\Darsh\AppData\Local\Android\Sdk\emulator;C:\Program Files\MongoDB\Server\7.0\bin;C:\Program Files\dotnet\;C:\Users\Darsh\AppData\Local\Microsoft\WindowsApps;C:\Users\Darsh\AppData\Roaming\npm;C:\Users\Darsh\AppData\Roaming\nvm;C:\Program Files\nodejs;C:\Users\Darsh\AppData\Local\Programs\Microsoft VS Code\bin
USERNAME=Darsh
OS=Windows_NT
PROCESSOR_IDENTIFIER=Intel64 Family 6 Model 158 Stepping 10, GenuineIntel
TMP=C:\Users\Darsh\AppData\Local\Temp
TEMP=C:\Users\Darsh\AppData\Local\Temp




Periodic native trim disabled

---------------  S Y S T E M  ---------------

OS:
 Windows 10 , 64 bit Build 19041 (10.0.19041.5915)
OS uptime: 3 days 4:27 hours
Hyper-V role detected

CPU: total 8 (initial active 8) (4 cores per cpu, 2 threads per core) family 6 model 158 stepping 10 microcode 0xde, cx8, cmov, fxsr, ht, mmx, 3dnowpref, sse, sse2, sse3, ssse3, sse4.1, sse4.2, popcnt, lzcnt, tsc, tscinvbit, avx, avx2, aes, erms, clmul, bmi1, bmi2, adx, fma, vzeroupper, clflush, clflushopt, hv, rdtscp, f16c
Processor Information for the first 8 processors :
  Max Mhz: 2400, Current Mhz: 2400, Mhz Limit: 2400

Memory: 4k page, system-wide physical 16225M (3880M free)
TotalPageFile size 18273M (AvailPageFile size 6M)
current process WorkingSet (physical memory assigned to process): 182M, peak: 322M
current process commit charge ("private bytes"): 331M, peak: 389M

vm_info: Java HotSpot(TM) 64-Bit Server VM (24.0.1+9-30) for windows-amd64 JRE (24.0.1+9-30), built on 2025-03-05T07:23:45Z with MS VC++ 17.6 (VS2022)

END.
